CRITICAL - 2023-08-14 07:05:09 --> 6 : Could not resolve host: graph.instagram.com
in SYSTEMPATH\HTTP\CURLRequest.php on line 666.
 1 SYSTEMPATH\HTTP\CURLRequest.php(666): CodeIgniter\HTTP\Exceptions\HTTPException::forCurlError('6', 'Could not resolve host: graph.instagram.com')
 2 SYSTEMPATH\HTTP\CURLRequest.php(372): CodeIgniter\HTTP\CURLRequest->sendRequest([...])
 3 SYSTEMPATH\HTTP\CURLRequest.php(134): CodeIgniter\HTTP\CURLRequest->send('get', 'https://graph.instagram.com/v17.0/6412466355467917/media?access_token=IGQVJXQXhuR3pmMHdwQnZALdUxOS1d2YTIzMDhJcWhkZA2R4ZAW1mUkVfY3ZAxdjdFTXNFWURhWXROZA284UEZA5d0Q5X2ZAZAWnI5Q1B4dTBXT0lzb1kwVWZAZARThfbHYyS0dIWHlCQW1fb2RB')
 4 SYSTEMPATH\HTTP\CURLRequest.php(167): CodeIgniter\HTTP\CURLRequest->request('get', 'https://graph.instagram.com/v17.0/6412466355467917/media?access_token=IGQVJXQXhuR3pmMHdwQnZALdUxOS1d2YTIzMDhJcWhkZA2R4ZAW1mUkVfY3ZAxdjdFTXNFWURhWXROZA284UEZA5d0Q5X2ZAZAWnI5Q1B4dTBXT0lzb1kwVWZAZARThfbHYyS0dIWHlCQW1fb2RB', [])
 5 APPPATH\Controllers\Auth.php(63): CodeIgniter\HTTP\CURLRequest->get('https://graph.instagram.com/v17.0/6412466355467917/media?access_token=IGQVJXQXhuR3pmMHdwQnZALdUxOS1d2YTIzMDhJcWhkZA2R4ZAW1mUkVfY3ZAxdjdFTXNFWURhWXROZA284UEZA5d0Q5X2ZAZAWnI5Q1B4dTBXT0lzb1kwVWZAZARThfbHYyS0dIWHlCQW1fb2RB')
 6 APPPATH\Controllers\Home.php(16): App\Controllers\Auth->getNewDataPost()
 7 SYSTEMPATH\CodeIgniter.php(934): App\Controllers\Home->index()
 8 SYSTEMPATH\CodeIgniter.php(499): CodeIgniter\CodeIgniter->runController(Object(App\Controllers\Home))
 9 SYSTEMPATH\CodeIgniter.php(368): CodeIgniter\CodeIgniter->handleRequest(null, Object(Config\Cache), false)
10 FCPATH\index.php(67): CodeIgniter\CodeIgniter->run()
11 SYSTEMPATH\Commands\Server\rewrite.php(47): require_once('FCPATH\\index.php')
CRITICAL - 2023-08-14 07:05:23 --> 6 : Could not resolve host: graph.instagram.com
in SYSTEMPATH\HTTP\CURLRequest.php on line 666.
 1 SYSTEMPATH\HTTP\CURLRequest.php(666): CodeIgniter\HTTP\Exceptions\HTTPException::forCurlError('6', 'Could not resolve host: graph.instagram.com')
 2 SYSTEMPATH\HTTP\CURLRequest.php(372): CodeIgniter\HTTP\CURLRequest->sendRequest([...])
 3 SYSTEMPATH\HTTP\CURLRequest.php(134): CodeIgniter\HTTP\CURLRequest->send('get', 'https://graph.instagram.com/v17.0/6412466355467917/media?access_token=IGQVJXQXhuR3pmMHdwQnZALdUxOS1d2YTIzMDhJcWhkZA2R4ZAW1mUkVfY3ZAxdjdFTXNFWURhWXROZA284UEZA5d0Q5X2ZAZAWnI5Q1B4dTBXT0lzb1kwVWZAZARThfbHYyS0dIWHlCQW1fb2RB')
 4 SYSTEMPATH\HTTP\CURLRequest.php(167): CodeIgniter\HTTP\CURLRequest->request('get', 'https://graph.instagram.com/v17.0/6412466355467917/media?access_token=IGQVJXQXhuR3pmMHdwQnZALdUxOS1d2YTIzMDhJcWhkZA2R4ZAW1mUkVfY3ZAxdjdFTXNFWURhWXROZA284UEZA5d0Q5X2ZAZAWnI5Q1B4dTBXT0lzb1kwVWZAZARThfbHYyS0dIWHlCQW1fb2RB', [])
 5 APPPATH\Controllers\Auth.php(63): CodeIgniter\HTTP\CURLRequest->get('https://graph.instagram.com/v17.0/6412466355467917/media?access_token=IGQVJXQXhuR3pmMHdwQnZALdUxOS1d2YTIzMDhJcWhkZA2R4ZAW1mUkVfY3ZAxdjdFTXNFWURhWXROZA284UEZA5d0Q5X2ZAZAWnI5Q1B4dTBXT0lzb1kwVWZAZARThfbHYyS0dIWHlCQW1fb2RB')
 6 APPPATH\Controllers\Home.php(16): App\Controllers\Auth->getNewDataPost()
 7 SYSTEMPATH\CodeIgniter.php(934): App\Controllers\Home->index()
 8 SYSTEMPATH\CodeIgniter.php(499): CodeIgniter\CodeIgniter->runController(Object(App\Controllers\Home))
 9 SYSTEMPATH\CodeIgniter.php(368): CodeIgniter\CodeIgniter->handleRequest(null, Object(Config\Cache), false)
10 FCPATH\index.php(67): CodeIgniter\CodeIgniter->run()
11 SYSTEMPATH\Commands\Server\rewrite.php(47): require_once('FCPATH\\index.php')
CRITICAL - 2023-08-14 07:21:29 --> Undefined index: permalink
in APPPATH\Views\home\home.php on line 47.
 1 APPPATH\Views\home\home.php(47): CodeIgniter\Debug\Exceptions->errorHandler(8, 'Undefined index: permalink', 'APPPATH\\Views\\home\\home.php', 47, [...])
 2 SYSTEMPATH\View\View.php(213): include('APPPATH\\Views\\home\\home.php')
 3 SYSTEMPATH\View\View.php(216): CodeIgniter\View\View->CodeIgniter\View\{closure}()
 4 SYSTEMPATH\Common.php(1184): CodeIgniter\View\View->render('home/home.php', [], true)
 5 APPPATH\Controllers\Home.php(19): view('home/home.php', [...])
 6 SYSTEMPATH\CodeIgniter.php(934): App\Controllers\Home->index()
 7 SYSTEMPATH\CodeIgniter.php(499): CodeIgniter\CodeIgniter->runController(Object(App\Controllers\Home))
 8 SYSTEMPATH\CodeIgniter.php(368): CodeIgniter\CodeIgniter->handleRequest(null, Object(Config\Cache), false)
 9 FCPATH\index.php(67): CodeIgniter\CodeIgniter->run()
10 SYSTEMPATH\Commands\Server\rewrite.php(47): require_once('FCPATH\\index.php')
CRITICAL - 2023-08-14 07:21:55 --> Undefined index: permalink
in APPPATH\Views\home\home.php on line 47.
 1 APPPATH\Views\home\home.php(47): CodeIgniter\Debug\Exceptions->errorHandler(8, 'Undefined index: permalink', 'APPPATH\\Views\\home\\home.php', 47, [...])
 2 SYSTEMPATH\View\View.php(213): include('APPPATH\\Views\\home\\home.php')
 3 SYSTEMPATH\View\View.php(216): CodeIgniter\View\View->CodeIgniter\View\{closure}()
 4 SYSTEMPATH\Common.php(1184): CodeIgniter\View\View->render('home/home.php', [], true)
 5 APPPATH\Controllers\Home.php(19): view('home/home.php', [...])
 6 SYSTEMPATH\CodeIgniter.php(934): App\Controllers\Home->index()
 7 SYSTEMPATH\CodeIgniter.php(499): CodeIgniter\CodeIgniter->runController(Object(App\Controllers\Home))
 8 SYSTEMPATH\CodeIgniter.php(368): CodeIgniter\CodeIgniter->handleRequest(null, Object(Config\Cache), false)
 9 FCPATH\index.php(67): CodeIgniter\CodeIgniter->run()
10 SYSTEMPATH\Commands\Server\rewrite.php(47): require_once('FCPATH\\index.php')
CRITICAL - 2023-08-14 07:32:10 --> Undefined index: caption
in APPPATH\Views\home\home.php on line 73.
 1 APPPATH\Views\home\home.php(73): CodeIgniter\Debug\Exceptions->errorHandler(8, 'Undefined index: caption', 'APPPATH\\Views\\home\\home.php', 73, [...])
 2 SYSTEMPATH\View\View.php(213): include('APPPATH\\Views\\home\\home.php')
 3 SYSTEMPATH\View\View.php(216): CodeIgniter\View\View->CodeIgniter\View\{closure}()
 4 SYSTEMPATH\Common.php(1184): CodeIgniter\View\View->render('home/home.php', [], true)
 5 APPPATH\Controllers\Home.php(19): view('home/home.php', [...])
 6 SYSTEMPATH\CodeIgniter.php(934): App\Controllers\Home->index()
 7 SYSTEMPATH\CodeIgniter.php(499): CodeIgniter\CodeIgniter->runController(Object(App\Controllers\Home))
 8 SYSTEMPATH\CodeIgniter.php(368): CodeIgniter\CodeIgniter->handleRequest(null, Object(Config\Cache), false)
 9 FCPATH\index.php(67): CodeIgniter\CodeIgniter->run()
10 SYSTEMPATH\Commands\Server\rewrite.php(47): require_once('FCPATH\\index.php')
