INFO - 2023-07-01 14:00:29 --> Session: Class initialized using 'CodeIgniter\Session\Handlers\FileHandler' driver.
INFO - 2023-07-01 14:00:29 --> Session: Class initialized using 'CodeIgniter\Session\Handlers\FileHandler' driver.
INFO - 2023-07-01 14:01:01 --> Session: Class initialized using 'CodeIgniter\Session\Handlers\FileHandler' driver.
INFO - 2023-07-01 14:01:23 --> Session: Class initialized using 'CodeIgniter\Session\Handlers\FileHandler' driver.
INFO - 2023-07-01 14:02:47 --> Session: Class initialized using 'CodeIgniter\Session\Handlers\FileHandler' driver.
INFO - 2023-07-01 14:02:49 --> Session: Class initialized using 'CodeIgniter\Session\Handlers\FileHandler' driver.
INFO - 2023-07-01 14:02:49 --> Session: Class initialized using 'CodeIgniter\Session\Handlers\FileHandler' driver.
INFO - 2023-07-01 14:02:53 --> Session: Class initialized using 'CodeIgniter\Session\Handlers\FileHandler' driver.
INFO - 2023-07-01 14:02:54 --> Session: Class initialized using 'CodeIgniter\Session\Handlers\FileHandler' driver.
INFO - 2023-07-01 14:03:03 --> Session: Class initialized using 'CodeIgniter\Session\Handlers\FileHandler' driver.
INFO - 2023-07-01 14:03:04 --> Session: Class initialized using 'CodeIgniter\Session\Handlers\FileHandler' driver.
CRITICAL - 2023-07-01 14:37:09 --> Undefined variable: data
in APPPATH\Views\home\home.php on line 49.
 1 APPPATH\Views\home\home.php(49): CodeIgniter\Debug\Exceptions->errorHandler(8, 'Undefined variable: data', 'APPPATH\\Views\\home\\home.php', 49, [])
 2 SYSTEMPATH\View\View.php(213): include('APPPATH\\Views\\home\\home.php')
 3 SYSTEMPATH\View\View.php(216): CodeIgniter\View\View->CodeIgniter\View\{closure}()
 4 SYSTEMPATH\Common.php(1184): CodeIgniter\View\View->render('home/home.php', [], true)
 5 APPPATH\Controllers\Home.php(9): view('home/home.php')
 6 SYSTEMPATH\CodeIgniter.php(934): App\Controllers\Home->index()
 7 SYSTEMPATH\CodeIgniter.php(499): CodeIgniter\CodeIgniter->runController(Object(App\Controllers\Home))
 8 SYSTEMPATH\CodeIgniter.php(368): CodeIgniter\CodeIgniter->handleRequest(null, Object(Config\Cache), false)
 9 FCPATH\index.php(67): CodeIgniter\CodeIgniter->run()
10 SYSTEMPATH\Commands\Server\rewrite.php(47): require_once('FCPATH\\index.php')
CRITICAL - 2023-07-01 16:18:56 --> Undefined variable: results
in APPPATH\Views\home\searchbar.php on line 36.
 1 APPPATH\Views\home\searchbar.php(36): CodeIgniter\Debug\Exceptions->errorHandler(8, 'Undefined variable: results', 'APPPATH\\Views\\home\\searchbar.php', 36, [...])
 2 SYSTEMPATH\View\View.php(213): include('APPPATH\\Views\\home\\searchbar.php')
 3 SYSTEMPATH\View\View.php(216): CodeIgniter\View\View->CodeIgniter\View\{closure}()
 4 SYSTEMPATH\Common.php(1184): CodeIgniter\View\View->render('home/searchbar.php', [], true)
 5 APPPATH\Controllers\Home.php(51): view('home/searchbar.php', [...])
 6 SYSTEMPATH\CodeIgniter.php(934): App\Controllers\Home->search()
 7 SYSTEMPATH\CodeIgniter.php(499): CodeIgniter\CodeIgniter->runController(Object(App\Controllers\Home))
 8 SYSTEMPATH\CodeIgniter.php(368): CodeIgniter\CodeIgniter->handleRequest(null, Object(Config\Cache), false)
 9 FCPATH\index.php(67): CodeIgniter\CodeIgniter->run()
10 SYSTEMPATH\Commands\Server\rewrite.php(47): require_once('FCPATH\\index.php')
CRITICAL - 2023-07-01 16:19:58 --> Undefined variable: results
in APPPATH\Views\home\searchbar.php on line 36.
 1 APPPATH\Views\home\searchbar.php(36): CodeIgniter\Debug\Exceptions->errorHandler(8, 'Undefined variable: results', 'APPPATH\\Views\\home\\searchbar.php', 36, [...])
 2 SYSTEMPATH\View\View.php(213): include('APPPATH\\Views\\home\\searchbar.php')
 3 SYSTEMPATH\View\View.php(216): CodeIgniter\View\View->CodeIgniter\View\{closure}()
 4 SYSTEMPATH\Common.php(1184): CodeIgniter\View\View->render('home/searchbar.php', [], true)
 5 APPPATH\Controllers\Home.php(54): view('home/searchbar.php', [...])
 6 SYSTEMPATH\CodeIgniter.php(934): App\Controllers\Home->search()
 7 SYSTEMPATH\CodeIgniter.php(499): CodeIgniter\CodeIgniter->runController(Object(App\Controllers\Home))
 8 SYSTEMPATH\CodeIgniter.php(368): CodeIgniter\CodeIgniter->handleRequest(null, Object(Config\Cache), false)
 9 FCPATH\index.php(67): CodeIgniter\CodeIgniter->run()
10 SYSTEMPATH\Commands\Server\rewrite.php(47): require_once('FCPATH\\index.php')
CRITICAL - 2023-07-01 16:20:03 --> Undefined variable: results
in APPPATH\Views\home\searchbar.php on line 36.
 1 APPPATH\Views\home\searchbar.php(36): CodeIgniter\Debug\Exceptions->errorHandler(8, 'Undefined variable: results', 'APPPATH\\Views\\home\\searchbar.php', 36, [...])
 2 SYSTEMPATH\View\View.php(213): include('APPPATH\\Views\\home\\searchbar.php')
 3 SYSTEMPATH\View\View.php(216): CodeIgniter\View\View->CodeIgniter\View\{closure}()
 4 SYSTEMPATH\Common.php(1184): CodeIgniter\View\View->render('home/searchbar.php', [], true)
 5 APPPATH\Controllers\Home.php(54): view('home/searchbar.php', [...])
 6 SYSTEMPATH\CodeIgniter.php(934): App\Controllers\Home->search()
 7 SYSTEMPATH\CodeIgniter.php(499): CodeIgniter\CodeIgniter->runController(Object(App\Controllers\Home))
 8 SYSTEMPATH\CodeIgniter.php(368): CodeIgniter\CodeIgniter->handleRequest(null, Object(Config\Cache), false)
 9 FCPATH\index.php(67): CodeIgniter\CodeIgniter->run()
10 SYSTEMPATH\Commands\Server\rewrite.php(47): require_once('FCPATH\\index.php')
