INFO - 2023-06-05 02:59:11 --> Session: Class initialized using 'CodeIgniter\Session\Handlers\FileHandler' driver.
INFO - 2023-06-05 02:59:11 --> Session: Class initialized using 'CodeIgniter\Session\Handlers\FileHandler' driver.
INFO - 2023-06-05 02:59:15 --> Session: Class initialized using 'CodeIgniter\Session\Handlers\FileHandler' driver.
INFO - 2023-06-05 02:59:15 --> Session: Class initialized using 'CodeIgniter\Session\Handlers\FileHandler' driver.
INFO - 2023-06-05 02:59:19 --> Session: Class initialized using 'CodeIgniter\Session\Handlers\FileHandler' driver.
INFO - 2023-06-05 02:59:21 --> Session: Class initialized using 'CodeIgniter\Session\Handlers\FileHandler' driver.
INFO - 2023-06-05 02:59:32 --> Session: Class initialized using 'CodeIgniter\Session\Handlers\FileHandler' driver.
INFO - 2023-06-05 02:59:34 --> Session: Class initialized using 'CodeIgniter\Session\Handlers\FileHandler' driver.
INFO - 2023-06-05 02:59:36 --> Session: Class initialized using 'CodeIgniter\Session\Handlers\FileHandler' driver.
INFO - 2023-06-05 02:59:41 --> Session: Class initialized using 'CodeIgniter\Session\Handlers\FileHandler' driver.
INFO - 2023-06-05 03:00:09 --> Session: Class initialized using 'CodeIgniter\Session\Handlers\FileHandler' driver.
INFO - 2023-06-05 03:00:10 --> Session: Class initialized using 'CodeIgniter\Session\Handlers\FileHandler' driver.
INFO - 2023-06-05 03:00:17 --> Session: Class initialized using 'CodeIgniter\Session\Handlers\FileHandler' driver.
INFO - 2023-06-05 03:00:17 --> Session: Class initialized using 'CodeIgniter\Session\Handlers\FileHandler' driver.
INFO - 2023-06-05 03:00:21 --> Session: Class initialized using 'CodeIgniter\Session\Handlers\FileHandler' driver.
INFO - 2023-06-05 03:00:21 --> Session: Class initialized using 'CodeIgniter\Session\Handlers\FileHandler' driver.
INFO - 2023-06-05 03:05:39 --> Session: Class initialized using 'CodeIgniter\Session\Handlers\FileHandler' driver.
INFO - 2023-06-05 03:06:32 --> Session: Class initialized using 'CodeIgniter\Session\Handlers\FileHandler' driver.
INFO - 2023-06-05 03:09:05 --> Session: Class initialized using 'CodeIgniter\Session\Handlers\FileHandler' driver.
INFO - 2023-06-05 03:09:06 --> Session: Class initialized using 'CodeIgniter\Session\Handlers\FileHandler' driver.
INFO - 2023-06-05 03:09:30 --> Session: Class initialized using 'CodeIgniter\Session\Handlers\FileHandler' driver.
INFO - 2023-06-05 03:09:36 --> Session: Class initialized using 'CodeIgniter\Session\Handlers\FileHandler' driver.
INFO - 2023-06-05 03:09:40 --> Session: Class initialized using 'CodeIgniter\Session\Handlers\FileHandler' driver.
INFO - 2023-06-05 03:09:42 --> Session: Class initialized using 'CodeIgniter\Session\Handlers\FileHandler' driver.
INFO - 2023-06-05 03:09:43 --> Session: Class initialized using 'CodeIgniter\Session\Handlers\FileHandler' driver.
INFO - 2023-06-05 03:09:44 --> Session: Class initialized using 'CodeIgniter\Session\Handlers\FileHandler' driver.
INFO - 2023-06-05 03:10:37 --> Session: Class initialized using 'CodeIgniter\Session\Handlers\FileHandler' driver.
INFO - 2023-06-05 03:10:39 --> Session: Class initialized using 'CodeIgniter\Session\Handlers\FileHandler' driver.
INFO - 2023-06-05 03:10:41 --> Session: Class initialized using 'CodeIgniter\Session\Handlers\FileHandler' driver.
INFO - 2023-06-05 03:10:43 --> Session: Class initialized using 'CodeIgniter\Session\Handlers\FileHandler' driver.
INFO - 2023-06-05 06:15:42 --> Session: Class initialized using 'CodeIgniter\Session\Handlers\FileHandler' driver.
INFO - 2023-06-05 06:15:42 --> Session: Class initialized using 'CodeIgniter\Session\Handlers\FileHandler' driver.
INFO - 2023-06-05 06:15:45 --> Session: Class initialized using 'CodeIgniter\Session\Handlers\FileHandler' driver.
INFO - 2023-06-05 06:15:45 --> Session: Class initialized using 'CodeIgniter\Session\Handlers\FileHandler' driver.
INFO - 2023-06-05 06:15:52 --> Session: Class initialized using 'CodeIgniter\Session\Handlers\FileHandler' driver.
INFO - 2023-06-05 06:15:54 --> Session: Class initialized using 'CodeIgniter\Session\Handlers\FileHandler' driver.
INFO - 2023-06-05 06:18:32 --> Session: Class initialized using 'CodeIgniter\Session\Handlers\FileHandler' driver.
INFO - 2023-06-05 06:18:34 --> Session: Class initialized using 'CodeIgniter\Session\Handlers\FileHandler' driver.
INFO - 2023-06-05 06:18:35 --> Session: Class initialized using 'CodeIgniter\Session\Handlers\FileHandler' driver.
INFO - 2023-06-05 06:18:38 --> Session: Class initialized using 'CodeIgniter\Session\Handlers\FileHandler' driver.
INFO - 2023-06-05 06:20:46 --> Session: Class initialized using 'CodeIgniter\Session\Handlers\FileHandler' driver.
INFO - 2023-06-05 06:20:47 --> Session: Class initialized using 'CodeIgniter\Session\Handlers\FileHandler' driver.
CRITICAL - 2023-06-05 06:20:47 --> Undefined variable: data
in APPPATH\Views\admin\nasabah\tabungan.php on line 103.
 1 APPPATH\Views\admin\nasabah\tabungan.php(103): CodeIgniter\Debug\Exceptions->errorHandler(8, 'Undefined variable: data', 'APPPATH\\Views\\admin\\nasabah\\tabungan.php', 103, [...])
 2 SYSTEMPATH\View\View.php(213): include('APPPATH\\Views\\admin\\nasabah\\tabungan.php')
 3 SYSTEMPATH\View\View.php(216): CodeIgniter\View\View->CodeIgniter\View\{closure}()
 4 SYSTEMPATH\Common.php(1184): CodeIgniter\View\View->render('admin/nasabah/tabungan', [], true)
 5 APPPATH\Controllers\Admin.php(101): view('admin/nasabah/tabungan')
 6 SYSTEMPATH\CodeIgniter.php(934): App\Controllers\Admin->tabungan()
 7 SYSTEMPATH\CodeIgniter.php(499): CodeIgniter\CodeIgniter->runController(Object(App\Controllers\Admin))
 8 SYSTEMPATH\CodeIgniter.php(368): CodeIgniter\CodeIgniter->handleRequest(null, Object(Config\Cache), false)
 9 FCPATH\index.php(67): CodeIgniter\CodeIgniter->run()
10 SYSTEMPATH\Commands\Server\rewrite.php(47): require_once('FCPATH\\index.php')
INFO - 2023-06-05 06:20:58 --> Session: Class initialized using 'CodeIgniter\Session\Handlers\FileHandler' driver.
INFO - 2023-06-05 06:21:58 --> Session: Class initialized using 'CodeIgniter\Session\Handlers\FileHandler' driver.
CRITICAL - 2023-06-05 06:21:58 --> Undefined variable: data
in APPPATH\Views\admin\nasabah\tabungan.php on line 103.
 1 APPPATH\Views\admin\nasabah\tabungan.php(103): CodeIgniter\Debug\Exceptions->errorHandler(8, 'Undefined variable: data', 'APPPATH\\Views\\admin\\nasabah\\tabungan.php', 103, [...])
 2 SYSTEMPATH\View\View.php(213): include('APPPATH\\Views\\admin\\nasabah\\tabungan.php')
 3 SYSTEMPATH\View\View.php(216): CodeIgniter\View\View->CodeIgniter\View\{closure}()
 4 SYSTEMPATH\Common.php(1184): CodeIgniter\View\View->render('admin/nasabah/tabungan', [], true)
 5 APPPATH\Controllers\Admin.php(101): view('admin/nasabah/tabungan')
 6 SYSTEMPATH\CodeIgniter.php(934): App\Controllers\Admin->tabungan()
 7 SYSTEMPATH\CodeIgniter.php(499): CodeIgniter\CodeIgniter->runController(Object(App\Controllers\Admin))
 8 SYSTEMPATH\CodeIgniter.php(368): CodeIgniter\CodeIgniter->handleRequest(null, Object(Config\Cache), false)
 9 FCPATH\index.php(67): CodeIgniter\CodeIgniter->run()
10 SYSTEMPATH\Commands\Server\rewrite.php(47): require_once('FCPATH\\index.php')
INFO - 2023-06-05 06:22:07 --> Session: Class initialized using 'CodeIgniter\Session\Handlers\FileHandler' driver.
INFO - 2023-06-05 06:35:18 --> Session: Class initialized using 'CodeIgniter\Session\Handlers\FileHandler' driver.
INFO - 2023-06-05 06:35:19 --> Session: Class initialized using 'CodeIgniter\Session\Handlers\FileHandler' driver.
INFO - 2023-06-05 06:36:44 --> Session: Class initialized using 'CodeIgniter\Session\Handlers\FileHandler' driver.
CRITICAL - 2023-06-05 06:36:44 --> Undefined index: nama
in APPPATH\Views\admin\nasabah\tabungan.php on line 107.
 1 APPPATH\Views\admin\nasabah\tabungan.php(107): CodeIgniter\Debug\Exceptions->errorHandler(8, 'Undefined index: nama', 'APPPATH\\Views\\admin\\nasabah\\tabungan.php', 107, [...])
 2 SYSTEMPATH\View\View.php(213): include('APPPATH\\Views\\admin\\nasabah\\tabungan.php')
 3 SYSTEMPATH\View\View.php(216): CodeIgniter\View\View->CodeIgniter\View\{closure}()
 4 SYSTEMPATH\Common.php(1184): CodeIgniter\View\View->render('admin/nasabah/tabungan', [], true)
 5 APPPATH\Controllers\Admin.php(109): view('admin/nasabah/tabungan', [...])
 6 SYSTEMPATH\CodeIgniter.php(934): App\Controllers\Admin->tabungan()
 7 SYSTEMPATH\CodeIgniter.php(499): CodeIgniter\CodeIgniter->runController(Object(App\Controllers\Admin))
 8 SYSTEMPATH\CodeIgniter.php(368): CodeIgniter\CodeIgniter->handleRequest(null, Object(Config\Cache), false)
 9 FCPATH\index.php(67): CodeIgniter\CodeIgniter->run()
10 SYSTEMPATH\Commands\Server\rewrite.php(47): require_once('FCPATH\\index.php')
INFO - 2023-06-05 06:37:14 --> Session: Class initialized using 'CodeIgniter\Session\Handlers\FileHandler' driver.
INFO - 2023-06-05 06:37:15 --> Session: Class initialized using 'CodeIgniter\Session\Handlers\FileHandler' driver.
CRITICAL - 2023-06-05 06:37:15 --> Undefined index: nama
in APPPATH\Views\admin\nasabah\tabungan.php on line 176.
 1 APPPATH\Views\admin\nasabah\tabungan.php(176): CodeIgniter\Debug\Exceptions->errorHandler(8, 'Undefined index: nama', 'APPPATH\\Views\\admin\\nasabah\\tabungan.php', 176, [...])
 2 SYSTEMPATH\View\View.php(213): include('APPPATH\\Views\\admin\\nasabah\\tabungan.php')
 3 SYSTEMPATH\View\View.php(216): CodeIgniter\View\View->CodeIgniter\View\{closure}()
 4 SYSTEMPATH\Common.php(1184): CodeIgniter\View\View->render('admin/nasabah/tabungan', [], true)
 5 APPPATH\Controllers\Admin.php(109): view('admin/nasabah/tabungan', [...])
 6 SYSTEMPATH\CodeIgniter.php(934): App\Controllers\Admin->tabungan()
 7 SYSTEMPATH\CodeIgniter.php(499): CodeIgniter\CodeIgniter->runController(Object(App\Controllers\Admin))
 8 SYSTEMPATH\CodeIgniter.php(368): CodeIgniter\CodeIgniter->handleRequest(null, Object(Config\Cache), false)
 9 FCPATH\index.php(67): CodeIgniter\CodeIgniter->run()
10 SYSTEMPATH\Commands\Server\rewrite.php(47): require_once('FCPATH\\index.php')
INFO - 2023-06-05 06:38:16 --> Session: Class initialized using 'CodeIgniter\Session\Handlers\FileHandler' driver.
INFO - 2023-06-05 06:38:17 --> Session: Class initialized using 'CodeIgniter\Session\Handlers\FileHandler' driver.
INFO - 2023-06-05 06:40:30 --> Session: Class initialized using 'CodeIgniter\Session\Handlers\FileHandler' driver.
CRITICAL - 2023-06-05 06:40:30 --> Array to string conversion
in APPPATH\Views\admin\nasabah\tabungan.php on line 137.
 1 APPPATH\Views\admin\nasabah\tabungan.php(137): CodeIgniter\Debug\Exceptions->errorHandler(8, 'Array to string conversion', 'APPPATH\\Views\\admin\\nasabah\\tabungan.php', 137, [...])
 2 SYSTEMPATH\View\View.php(213): include('APPPATH\\Views\\admin\\nasabah\\tabungan.php')
 3 SYSTEMPATH\View\View.php(216): CodeIgniter\View\View->CodeIgniter\View\{closure}()
 4 SYSTEMPATH\Common.php(1184): CodeIgniter\View\View->render('admin/nasabah/tabungan', [], true)
 5 APPPATH\Controllers\Admin.php(109): view('admin/nasabah/tabungan', [...])
 6 SYSTEMPATH\CodeIgniter.php(934): App\Controllers\Admin->tabungan()
 7 SYSTEMPATH\CodeIgniter.php(499): CodeIgniter\CodeIgniter->runController(Object(App\Controllers\Admin))
 8 SYSTEMPATH\CodeIgniter.php(368): CodeIgniter\CodeIgniter->handleRequest(null, Object(Config\Cache), false)
 9 FCPATH\index.php(67): CodeIgniter\CodeIgniter->run()
10 SYSTEMPATH\Commands\Server\rewrite.php(47): require_once('FCPATH\\index.php')
INFO - 2023-06-05 06:43:54 --> Session: Class initialized using 'CodeIgniter\Session\Handlers\FileHandler' driver.
INFO - 2023-06-05 06:43:56 --> Session: Class initialized using 'CodeIgniter\Session\Handlers\FileHandler' driver.
INFO - 2023-06-05 06:48:22 --> Session: Class initialized using 'CodeIgniter\Session\Handlers\FileHandler' driver.
INFO - 2023-06-05 06:48:24 --> Session: Class initialized using 'CodeIgniter\Session\Handlers\FileHandler' driver.
INFO - 2023-06-05 07:02:02 --> Session: Class initialized using 'CodeIgniter\Session\Handlers\FileHandler' driver.
INFO - 2023-06-05 07:11:04 --> Session: Class initialized using 'CodeIgniter\Session\Handlers\FileHandler' driver.
CRITICAL - 2023-06-05 07:11:04 --> Undefined variable: dataSammpah
in APPPATH\Views\admin\nasabah\tabungan.php on line 208.
 1 APPPATH\Views\admin\nasabah\tabungan.php(208): CodeIgniter\Debug\Exceptions->errorHandler(8, 'Undefined variable: dataSammpah', 'APPPATH\\Views\\admin\\nasabah\\tabungan.php', 208, [...])
 2 SYSTEMPATH\View\View.php(213): include('APPPATH\\Views\\admin\\nasabah\\tabungan.php')
 3 SYSTEMPATH\View\View.php(216): CodeIgniter\View\View->CodeIgniter\View\{closure}()
 4 SYSTEMPATH\Common.php(1184): CodeIgniter\View\View->render('admin/nasabah/tabungan', [...], true)
 5 APPPATH\Controllers\Admin.php(111): view('admin/nasabah/tabungan', [...], [...])
 6 SYSTEMPATH\CodeIgniter.php(934): App\Controllers\Admin->tabungan()
 7 SYSTEMPATH\CodeIgniter.php(499): CodeIgniter\CodeIgniter->runController(Object(App\Controllers\Admin))
 8 SYSTEMPATH\CodeIgniter.php(368): CodeIgniter\CodeIgniter->handleRequest(null, Object(Config\Cache), false)
 9 FCPATH\index.php(67): CodeIgniter\CodeIgniter->run()
10 SYSTEMPATH\Commands\Server\rewrite.php(47): require_once('FCPATH\\index.php')
INFO - 2023-06-05 07:12:35 --> Session: Class initialized using 'CodeIgniter\Session\Handlers\FileHandler' driver.
CRITICAL - 2023-06-05 07:12:35 --> Undefined variable: dataSammpah
in APPPATH\Views\admin\nasabah\tabungan.php on line 208.
 1 APPPATH\Views\admin\nasabah\tabungan.php(208): CodeIgniter\Debug\Exceptions->errorHandler(8, 'Undefined variable: dataSammpah', 'APPPATH\\Views\\admin\\nasabah\\tabungan.php', 208, [...])
 2 SYSTEMPATH\View\View.php(213): include('APPPATH\\Views\\admin\\nasabah\\tabungan.php')
 3 SYSTEMPATH\View\View.php(216): CodeIgniter\View\View->CodeIgniter\View\{closure}()
 4 SYSTEMPATH\Common.php(1184): CodeIgniter\View\View->render('admin/nasabah/tabungan', [...], true)
 5 APPPATH\Controllers\Admin.php(111): view('admin/nasabah/tabungan', [...], [...])
 6 SYSTEMPATH\CodeIgniter.php(934): App\Controllers\Admin->tabungan()
 7 SYSTEMPATH\CodeIgniter.php(499): CodeIgniter\CodeIgniter->runController(Object(App\Controllers\Admin))
 8 SYSTEMPATH\CodeIgniter.php(368): CodeIgniter\CodeIgniter->handleRequest(null, Object(Config\Cache), false)
 9 FCPATH\index.php(67): CodeIgniter\CodeIgniter->run()
10 SYSTEMPATH\Commands\Server\rewrite.php(47): require_once('FCPATH\\index.php')
INFO - 2023-06-05 07:12:37 --> Session: Class initialized using 'CodeIgniter\Session\Handlers\FileHandler' driver.
INFO - 2023-06-05 07:12:43 --> Session: Class initialized using 'CodeIgniter\Session\Handlers\FileHandler' driver.
CRITICAL - 2023-06-05 07:12:43 --> Undefined variable: dataSampah
in APPPATH\Views\admin\nasabah\tabungan.php on line 208.
 1 APPPATH\Views\admin\nasabah\tabungan.php(208): CodeIgniter\Debug\Exceptions->errorHandler(8, 'Undefined variable: dataSampah', 'APPPATH\\Views\\admin\\nasabah\\tabungan.php', 208, [...])
 2 SYSTEMPATH\View\View.php(213): include('APPPATH\\Views\\admin\\nasabah\\tabungan.php')
 3 SYSTEMPATH\View\View.php(216): CodeIgniter\View\View->CodeIgniter\View\{closure}()
 4 SYSTEMPATH\Common.php(1184): CodeIgniter\View\View->render('admin/nasabah/tabungan', [...], true)
 5 APPPATH\Controllers\Admin.php(111): view('admin/nasabah/tabungan', [...], [...])
 6 SYSTEMPATH\CodeIgniter.php(934): App\Controllers\Admin->tabungan()
 7 SYSTEMPATH\CodeIgniter.php(499): CodeIgniter\CodeIgniter->runController(Object(App\Controllers\Admin))
 8 SYSTEMPATH\CodeIgniter.php(368): CodeIgniter\CodeIgniter->handleRequest(null, Object(Config\Cache), false)
 9 FCPATH\index.php(67): CodeIgniter\CodeIgniter->run()
10 SYSTEMPATH\Commands\Server\rewrite.php(47): require_once('FCPATH\\index.php')
INFO - 2023-06-05 07:13:07 --> Session: Class initialized using 'CodeIgniter\Session\Handlers\FileHandler' driver.
CRITICAL - 2023-06-05 07:13:07 --> Undefined variable: dataSampah
in APPPATH\Views\admin\nasabah\tabungan.php on line 208.
 1 APPPATH\Views\admin\nasabah\tabungan.php(208): CodeIgniter\Debug\Exceptions->errorHandler(8, 'Undefined variable: dataSampah', 'APPPATH\\Views\\admin\\nasabah\\tabungan.php', 208, [...])
 2 SYSTEMPATH\View\View.php(213): include('APPPATH\\Views\\admin\\nasabah\\tabungan.php')
 3 SYSTEMPATH\View\View.php(216): CodeIgniter\View\View->CodeIgniter\View\{closure}()
 4 SYSTEMPATH\Common.php(1184): CodeIgniter\View\View->render('admin/nasabah/tabungan', [...], true)
 5 APPPATH\Controllers\Admin.php(111): view('admin/nasabah/tabungan', [...], [...])
 6 SYSTEMPATH\CodeIgniter.php(934): App\Controllers\Admin->tabungan()
 7 SYSTEMPATH\CodeIgniter.php(499): CodeIgniter\CodeIgniter->runController(Object(App\Controllers\Admin))
 8 SYSTEMPATH\CodeIgniter.php(368): CodeIgniter\CodeIgniter->handleRequest(null, Object(Config\Cache), false)
 9 FCPATH\index.php(67): CodeIgniter\CodeIgniter->run()
10 SYSTEMPATH\Commands\Server\rewrite.php(47): require_once('FCPATH\\index.php')
INFO - 2023-06-05 07:17:33 --> Session: Class initialized using 'CodeIgniter\Session\Handlers\FileHandler' driver.
INFO - 2023-06-05 07:17:34 --> Session: Class initialized using 'CodeIgniter\Session\Handlers\FileHandler' driver.
CRITICAL - 2023-06-05 07:17:34 --> Undefined index: jenis_sampah
in APPPATH\Views\admin\nasabah\tabungan.php on line 209.
 1 APPPATH\Views\admin\nasabah\tabungan.php(209): CodeIgniter\Debug\Exceptions->errorHandler(8, 'Undefined index: jenis_sampah', 'APPPATH\\Views\\admin\\nasabah\\tabungan.php', 209, [...])
 2 SYSTEMPATH\View\View.php(213): include('APPPATH\\Views\\admin\\nasabah\\tabungan.php')
 3 SYSTEMPATH\View\View.php(216): CodeIgniter\View\View->CodeIgniter\View\{closure}()
 4 SYSTEMPATH\Common.php(1184): CodeIgniter\View\View->render('admin/nasabah/tabungan', [], true)
 5 APPPATH\Controllers\Admin.php(116): view('admin/nasabah/tabungan', [...])
 6 SYSTEMPATH\CodeIgniter.php(934): App\Controllers\Admin->tabungan()
 7 SYSTEMPATH\CodeIgniter.php(499): CodeIgniter\CodeIgniter->runController(Object(App\Controllers\Admin))
 8 SYSTEMPATH\CodeIgniter.php(368): CodeIgniter\CodeIgniter->handleRequest(null, Object(Config\Cache), false)
 9 FCPATH\index.php(67): CodeIgniter\CodeIgniter->run()
10 SYSTEMPATH\Commands\Server\rewrite.php(47): require_once('FCPATH\\index.php')
INFO - 2023-06-05 07:18:06 --> Session: Class initialized using 'CodeIgniter\Session\Handlers\FileHandler' driver.
INFO - 2023-06-05 07:18:09 --> Session: Class initialized using 'CodeIgniter\Session\Handlers\FileHandler' driver.
INFO - 2023-06-05 07:19:24 --> Session: Class initialized using 'CodeIgniter\Session\Handlers\FileHandler' driver.
INFO - 2023-06-05 07:19:42 --> Session: Class initialized using 'CodeIgniter\Session\Handlers\FileHandler' driver.
INFO - 2023-06-05 07:19:51 --> Session: Class initialized using 'CodeIgniter\Session\Handlers\FileHandler' driver.
INFO - 2023-06-05 07:20:02 --> Session: Class initialized using 'CodeIgniter\Session\Handlers\FileHandler' driver.
INFO - 2023-06-05 07:20:37 --> Session: Class initialized using 'CodeIgniter\Session\Handlers\FileHandler' driver.
INFO - 2023-06-05 07:20:48 --> Session: Class initialized using 'CodeIgniter\Session\Handlers\FileHandler' driver.
INFO - 2023-06-05 07:21:15 --> Session: Class initialized using 'CodeIgniter\Session\Handlers\FileHandler' driver.
INFO - 2023-06-05 07:21:32 --> Session: Class initialized using 'CodeIgniter\Session\Handlers\FileHandler' driver.
INFO - 2023-06-05 07:22:22 --> Session: Class initialized using 'CodeIgniter\Session\Handlers\FileHandler' driver.
INFO - 2023-06-05 07:22:42 --> Session: Class initialized using 'CodeIgniter\Session\Handlers\FileHandler' driver.
INFO - 2023-06-05 07:23:04 --> Session: Class initialized using 'CodeIgniter\Session\Handlers\FileHandler' driver.
INFO - 2023-06-05 07:23:13 --> Session: Class initialized using 'CodeIgniter\Session\Handlers\FileHandler' driver.
INFO - 2023-06-05 07:25:23 --> Session: Class initialized using 'CodeIgniter\Session\Handlers\FileHandler' driver.
INFO - 2023-06-05 07:26:05 --> Session: Class initialized using 'CodeIgniter\Session\Handlers\FileHandler' driver.
INFO - 2023-06-05 07:27:44 --> Session: Class initialized using 'CodeIgniter\Session\Handlers\FileHandler' driver.
INFO - 2023-06-05 07:28:11 --> Session: Class initialized using 'CodeIgniter\Session\Handlers\FileHandler' driver.
INFO - 2023-06-05 07:28:17 --> Session: Class initialized using 'CodeIgniter\Session\Handlers\FileHandler' driver.
INFO - 2023-06-05 07:29:48 --> Session: Class initialized using 'CodeIgniter\Session\Handlers\FileHandler' driver.
INFO - 2023-06-05 07:30:10 --> Session: Class initialized using 'CodeIgniter\Session\Handlers\FileHandler' driver.
INFO - 2023-06-05 07:30:32 --> Session: Class initialized using 'CodeIgniter\Session\Handlers\FileHandler' driver.
INFO - 2023-06-05 07:32:20 --> Session: Class initialized using 'CodeIgniter\Session\Handlers\FileHandler' driver.
INFO - 2023-06-05 07:32:28 --> Session: Class initialized using 'CodeIgniter\Session\Handlers\FileHandler' driver.
INFO - 2023-06-05 07:42:45 --> Session: Class initialized using 'CodeIgniter\Session\Handlers\FileHandler' driver.
INFO - 2023-06-05 07:45:34 --> Session: Class initialized using 'CodeIgniter\Session\Handlers\FileHandler' driver.
INFO - 2023-06-05 07:45:57 --> Session: Class initialized using 'CodeIgniter\Session\Handlers\FileHandler' driver.
INFO - 2023-06-05 07:46:10 --> Session: Class initialized using 'CodeIgniter\Session\Handlers\FileHandler' driver.
INFO - 2023-06-05 07:46:24 --> Session: Class initialized using 'CodeIgniter\Session\Handlers\FileHandler' driver.
INFO - 2023-06-05 07:47:26 --> Session: Class initialized using 'CodeIgniter\Session\Handlers\FileHandler' driver.
INFO - 2023-06-05 07:47:45 --> Session: Class initialized using 'CodeIgniter\Session\Handlers\FileHandler' driver.
INFO - 2023-06-05 07:48:47 --> Session: Class initialized using 'CodeIgniter\Session\Handlers\FileHandler' driver.
INFO - 2023-06-05 07:49:42 --> Session: Class initialized using 'CodeIgniter\Session\Handlers\FileHandler' driver.
INFO - 2023-06-05 07:50:18 --> Session: Class initialized using 'CodeIgniter\Session\Handlers\FileHandler' driver.
INFO - 2023-06-05 07:51:14 --> Session: Class initialized using 'CodeIgniter\Session\Handlers\FileHandler' driver.
INFO - 2023-06-05 07:52:00 --> Session: Class initialized using 'CodeIgniter\Session\Handlers\FileHandler' driver.
INFO - 2023-06-05 07:52:35 --> Session: Class initialized using 'CodeIgniter\Session\Handlers\FileHandler' driver.
INFO - 2023-06-05 07:54:27 --> Session: Class initialized using 'CodeIgniter\Session\Handlers\FileHandler' driver.
INFO - 2023-06-05 07:55:00 --> Session: Class initialized using 'CodeIgniter\Session\Handlers\FileHandler' driver.
INFO - 2023-06-05 07:55:14 --> Session: Class initialized using 'CodeIgniter\Session\Handlers\FileHandler' driver.
INFO - 2023-06-05 07:55:27 --> Session: Class initialized using 'CodeIgniter\Session\Handlers\FileHandler' driver.
INFO - 2023-06-05 07:55:41 --> Session: Class initialized using 'CodeIgniter\Session\Handlers\FileHandler' driver.
INFO - 2023-06-05 07:55:58 --> Session: Class initialized using 'CodeIgniter\Session\Handlers\FileHandler' driver.
INFO - 2023-06-05 07:56:51 --> Session: Class initialized using 'CodeIgniter\Session\Handlers\FileHandler' driver.
INFO - 2023-06-05 08:08:24 --> Session: Class initialized using 'CodeIgniter\Session\Handlers\FileHandler' driver.
INFO - 2023-06-05 08:13:42 --> Session: Class initialized using 'CodeIgniter\Session\Handlers\FileHandler' driver.
INFO - 2023-06-05 08:14:25 --> Session: Class initialized using 'CodeIgniter\Session\Handlers\FileHandler' driver.
INFO - 2023-06-05 08:14:57 --> Session: Class initialized using 'CodeIgniter\Session\Handlers\FileHandler' driver.
INFO - 2023-06-05 08:15:14 --> Session: Class initialized using 'CodeIgniter\Session\Handlers\FileHandler' driver.
INFO - 2023-06-05 08:20:19 --> Session: Class initialized using 'CodeIgniter\Session\Handlers\FileHandler' driver.
INFO - 2023-06-05 08:24:18 --> Session: Class initialized using 'CodeIgniter\Session\Handlers\FileHandler' driver.
INFO - 2023-06-05 08:25:02 --> Session: Class initialized using 'CodeIgniter\Session\Handlers\FileHandler' driver.
INFO - 2023-06-05 08:25:16 --> Session: Class initialized using 'CodeIgniter\Session\Handlers\FileHandler' driver.
INFO - 2023-06-05 08:25:54 --> Session: Class initialized using 'CodeIgniter\Session\Handlers\FileHandler' driver.
INFO - 2023-06-05 08:26:08 --> Session: Class initialized using 'CodeIgniter\Session\Handlers\FileHandler' driver.
INFO - 2023-06-05 08:26:22 --> Session: Class initialized using 'CodeIgniter\Session\Handlers\FileHandler' driver.
INFO - 2023-06-05 08:26:48 --> Session: Class initialized using 'CodeIgniter\Session\Handlers\FileHandler' driver.
INFO - 2023-06-05 08:27:06 --> Session: Class initialized using 'CodeIgniter\Session\Handlers\FileHandler' driver.
INFO - 2023-06-05 08:27:12 --> Session: Class initialized using 'CodeIgniter\Session\Handlers\FileHandler' driver.
INFO - 2023-06-05 08:28:09 --> Session: Class initialized using 'CodeIgniter\Session\Handlers\FileHandler' driver.
INFO - 2023-06-05 08:28:49 --> Session: Class initialized using 'CodeIgniter\Session\Handlers\FileHandler' driver.
INFO - 2023-06-05 08:29:00 --> Session: Class initialized using 'CodeIgniter\Session\Handlers\FileHandler' driver.
INFO - 2023-06-05 08:29:30 --> Session: Class initialized using 'CodeIgniter\Session\Handlers\FileHandler' driver.
INFO - 2023-06-05 08:30:03 --> Session: Class initialized using 'CodeIgniter\Session\Handlers\FileHandler' driver.
INFO - 2023-06-05 08:30:16 --> Session: Class initialized using 'CodeIgniter\Session\Handlers\FileHandler' driver.
INFO - 2023-06-05 08:30:31 --> Session: Class initialized using 'CodeIgniter\Session\Handlers\FileHandler' driver.
INFO - 2023-06-05 08:30:54 --> Session: Class initialized using 'CodeIgniter\Session\Handlers\FileHandler' driver.
INFO - 2023-06-05 08:35:19 --> Session: Class initialized using 'CodeIgniter\Session\Handlers\FileHandler' driver.
INFO - 2023-06-05 08:42:15 --> Session: Class initialized using 'CodeIgniter\Session\Handlers\FileHandler' driver.
INFO - 2023-06-05 08:43:08 --> Session: Class initialized using 'CodeIgniter\Session\Handlers\FileHandler' driver.
INFO - 2023-06-05 08:48:47 --> Session: Class initialized using 'CodeIgniter\Session\Handlers\FileHandler' driver.
CRITICAL - 2023-06-05 08:48:47 --> Illegal string offset 'jenis'
in APPPATH\Views\admin\nasabah\tabungan.php on line 259.
 1 APPPATH\Views\admin\nasabah\tabungan.php(259): CodeIgniter\Debug\Exceptions->errorHandler(2, 'Illegal string offset \'jenis\'', 'APPPATH\\Views\\admin\\nasabah\\tabungan.php', 259, [...])
 2 SYSTEMPATH\View\View.php(213): include('APPPATH\\Views\\admin\\nasabah\\tabungan.php')
 3 SYSTEMPATH\View\View.php(216): CodeIgniter\View\View->CodeIgniter\View\{closure}()
 4 SYSTEMPATH\Common.php(1184): CodeIgniter\View\View->render('admin/nasabah/tabungan', [], true)
 5 APPPATH\Controllers\Admin.php(116): view('admin/nasabah/tabungan', [...])
 6 SYSTEMPATH\CodeIgniter.php(934): App\Controllers\Admin->tabungan()
 7 SYSTEMPATH\CodeIgniter.php(499): CodeIgniter\CodeIgniter->runController(Object(App\Controllers\Admin))
 8 SYSTEMPATH\CodeIgniter.php(368): CodeIgniter\CodeIgniter->handleRequest(null, Object(Config\Cache), false)
 9 FCPATH\index.php(67): CodeIgniter\CodeIgniter->run()
10 SYSTEMPATH\Commands\Server\rewrite.php(47): require_once('FCPATH\\index.php')
INFO - 2023-06-05 08:50:20 --> Session: Class initialized using 'CodeIgniter\Session\Handlers\FileHandler' driver.
INFO - 2023-06-05 08:50:21 --> Session: Class initialized using 'CodeIgniter\Session\Handlers\FileHandler' driver.
CRITICAL - 2023-06-05 08:50:21 --> Illegal string offset 'jenis'
in APPPATH\Views\admin\nasabah\tabungan.php on line 259.
 1 APPPATH\Views\admin\nasabah\tabungan.php(259): CodeIgniter\Debug\Exceptions->errorHandler(2, 'Illegal string offset \'jenis\'', 'APPPATH\\Views\\admin\\nasabah\\tabungan.php', 259, [...])
 2 SYSTEMPATH\View\View.php(213): include('APPPATH\\Views\\admin\\nasabah\\tabungan.php')
 3 SYSTEMPATH\View\View.php(216): CodeIgniter\View\View->CodeIgniter\View\{closure}()
 4 SYSTEMPATH\Common.php(1184): CodeIgniter\View\View->render('admin/nasabah/tabungan', [], true)
 5 APPPATH\Controllers\Admin.php(116): view('admin/nasabah/tabungan', [...])
 6 SYSTEMPATH\CodeIgniter.php(934): App\Controllers\Admin->tabungan()
 7 SYSTEMPATH\CodeIgniter.php(499): CodeIgniter\CodeIgniter->runController(Object(App\Controllers\Admin))
 8 SYSTEMPATH\CodeIgniter.php(368): CodeIgniter\CodeIgniter->handleRequest(null, Object(Config\Cache), false)
 9 FCPATH\index.php(67): CodeIgniter\CodeIgniter->run()
10 SYSTEMPATH\Commands\Server\rewrite.php(47): require_once('FCPATH\\index.php')
INFO - 2023-06-05 08:51:27 --> Session: Class initialized using 'CodeIgniter\Session\Handlers\FileHandler' driver.
INFO - 2023-06-05 08:53:33 --> Session: Class initialized using 'CodeIgniter\Session\Handlers\FileHandler' driver.
INFO - 2023-06-05 08:55:23 --> Session: Class initialized using 'CodeIgniter\Session\Handlers\FileHandler' driver.
INFO - 2023-06-05 08:55:47 --> Session: Class initialized using 'CodeIgniter\Session\Handlers\FileHandler' driver.
INFO - 2023-06-05 08:56:24 --> Session: Class initialized using 'CodeIgniter\Session\Handlers\FileHandler' driver.
INFO - 2023-06-05 08:56:36 --> Session: Class initialized using 'CodeIgniter\Session\Handlers\FileHandler' driver.
INFO - 2023-06-05 08:56:49 --> Session: Class initialized using 'CodeIgniter\Session\Handlers\FileHandler' driver.
INFO - 2023-06-05 08:57:14 --> Session: Class initialized using 'CodeIgniter\Session\Handlers\FileHandler' driver.
INFO - 2023-06-05 08:57:22 --> Session: Class initialized using 'CodeIgniter\Session\Handlers\FileHandler' driver.
INFO - 2023-06-05 08:57:58 --> Session: Class initialized using 'CodeIgniter\Session\Handlers\FileHandler' driver.
INFO - 2023-06-05 08:58:33 --> Session: Class initialized using 'CodeIgniter\Session\Handlers\FileHandler' driver.
INFO - 2023-06-05 09:02:47 --> Session: Class initialized using 'CodeIgniter\Session\Handlers\FileHandler' driver.
INFO - 2023-06-05 09:03:20 --> Session: Class initialized using 'CodeIgniter\Session\Handlers\FileHandler' driver.
CRITICAL - 2023-06-05 09:03:20 --> Illegal string offset 'jenis'
in APPPATH\Views\admin\nasabah\tabungan.php on line 260.
 1 APPPATH\Views\admin\nasabah\tabungan.php(260): CodeIgniter\Debug\Exceptions->errorHandler(2, 'Illegal string offset \'jenis\'', 'APPPATH\\Views\\admin\\nasabah\\tabungan.php', 260, [...])
 2 SYSTEMPATH\View\View.php(213): include('APPPATH\\Views\\admin\\nasabah\\tabungan.php')
 3 SYSTEMPATH\View\View.php(216): CodeIgniter\View\View->CodeIgniter\View\{closure}()
 4 SYSTEMPATH\Common.php(1184): CodeIgniter\View\View->render('admin/nasabah/tabungan', [], true)
 5 APPPATH\Controllers\Admin.php(116): view('admin/nasabah/tabungan', [...])
 6 SYSTEMPATH\CodeIgniter.php(934): App\Controllers\Admin->tabungan()
 7 SYSTEMPATH\CodeIgniter.php(499): CodeIgniter\CodeIgniter->runController(Object(App\Controllers\Admin))
 8 SYSTEMPATH\CodeIgniter.php(368): CodeIgniter\CodeIgniter->handleRequest(null, Object(Config\Cache), false)
 9 FCPATH\index.php(67): CodeIgniter\CodeIgniter->run()
10 SYSTEMPATH\Commands\Server\rewrite.php(47): require_once('FCPATH\\index.php')
INFO - 2023-06-05 09:04:25 --> Session: Class initialized using 'CodeIgniter\Session\Handlers\FileHandler' driver.
CRITICAL - 2023-06-05 09:04:25 --> String offset cast occurred
in APPPATH\Views\admin\nasabah\tabungan.php on line 260.
 1 APPPATH\Views\admin\nasabah\tabungan.php(260): CodeIgniter\Debug\Exceptions->errorHandler(8, 'String offset cast occurred', 'APPPATH\\Views\\admin\\nasabah\\tabungan.php', 260, [...])
 2 SYSTEMPATH\View\View.php(213): include('APPPATH\\Views\\admin\\nasabah\\tabungan.php')
 3 SYSTEMPATH\View\View.php(216): CodeIgniter\View\View->CodeIgniter\View\{closure}()
 4 SYSTEMPATH\Common.php(1184): CodeIgniter\View\View->render('admin/nasabah/tabungan', [], true)
 5 APPPATH\Controllers\Admin.php(116): view('admin/nasabah/tabungan', [...])
 6 SYSTEMPATH\CodeIgniter.php(934): App\Controllers\Admin->tabungan()
 7 SYSTEMPATH\CodeIgniter.php(499): CodeIgniter\CodeIgniter->runController(Object(App\Controllers\Admin))
 8 SYSTEMPATH\CodeIgniter.php(368): CodeIgniter\CodeIgniter->handleRequest(null, Object(Config\Cache), false)
 9 FCPATH\index.php(67): CodeIgniter\CodeIgniter->run()
10 SYSTEMPATH\Commands\Server\rewrite.php(47): require_once('FCPATH\\index.php')
INFO - 2023-06-05 09:04:32 --> Session: Class initialized using 'CodeIgniter\Session\Handlers\FileHandler' driver.
INFO - 2023-06-05 09:04:33 --> Session: Class initialized using 'CodeIgniter\Session\Handlers\FileHandler' driver.
CRITICAL - 2023-06-05 09:04:33 --> String offset cast occurred
in APPPATH\Views\admin\nasabah\tabungan.php on line 260.
 1 APPPATH\Views\admin\nasabah\tabungan.php(260): CodeIgniter\Debug\Exceptions->errorHandler(8, 'String offset cast occurred', 'APPPATH\\Views\\admin\\nasabah\\tabungan.php', 260, [...])
 2 SYSTEMPATH\View\View.php(213): include('APPPATH\\Views\\admin\\nasabah\\tabungan.php')
 3 SYSTEMPATH\View\View.php(216): CodeIgniter\View\View->CodeIgniter\View\{closure}()
 4 SYSTEMPATH\Common.php(1184): CodeIgniter\View\View->render('admin/nasabah/tabungan', [], true)
 5 APPPATH\Controllers\Admin.php(116): view('admin/nasabah/tabungan', [...])
 6 SYSTEMPATH\CodeIgniter.php(934): App\Controllers\Admin->tabungan()
 7 SYSTEMPATH\CodeIgniter.php(499): CodeIgniter\CodeIgniter->runController(Object(App\Controllers\Admin))
 8 SYSTEMPATH\CodeIgniter.php(368): CodeIgniter\CodeIgniter->handleRequest(null, Object(Config\Cache), false)
 9 FCPATH\index.php(67): CodeIgniter\CodeIgniter->run()
10 SYSTEMPATH\Commands\Server\rewrite.php(47): require_once('FCPATH\\index.php')
INFO - 2023-06-05 09:04:50 --> Session: Class initialized using 'CodeIgniter\Session\Handlers\FileHandler' driver.
CRITICAL - 2023-06-05 09:04:50 --> Illegal string offset '"jenis"'
in APPPATH\Views\admin\nasabah\tabungan.php on line 260.
 1 APPPATH\Views\admin\nasabah\tabungan.php(260): CodeIgniter\Debug\Exceptions->errorHandler(2, 'Illegal string offset \'"jenis"\'', 'APPPATH\\Views\\admin\\nasabah\\tabungan.php', 260, [...])
 2 SYSTEMPATH\View\View.php(213): include('APPPATH\\Views\\admin\\nasabah\\tabungan.php')
 3 SYSTEMPATH\View\View.php(216): CodeIgniter\View\View->CodeIgniter\View\{closure}()
 4 SYSTEMPATH\Common.php(1184): CodeIgniter\View\View->render('admin/nasabah/tabungan', [], true)
 5 APPPATH\Controllers\Admin.php(116): view('admin/nasabah/tabungan', [...])
 6 SYSTEMPATH\CodeIgniter.php(934): App\Controllers\Admin->tabungan()
 7 SYSTEMPATH\CodeIgniter.php(499): CodeIgniter\CodeIgniter->runController(Object(App\Controllers\Admin))
 8 SYSTEMPATH\CodeIgniter.php(368): CodeIgniter\CodeIgniter->handleRequest(null, Object(Config\Cache), false)
 9 FCPATH\index.php(67): CodeIgniter\CodeIgniter->run()
10 SYSTEMPATH\Commands\Server\rewrite.php(47): require_once('FCPATH\\index.php')
INFO - 2023-06-05 09:05:19 --> Session: Class initialized using 'CodeIgniter\Session\Handlers\FileHandler' driver.
CRITICAL - 2023-06-05 09:05:19 --> String offset cast occurred
in APPPATH\Views\admin\nasabah\tabungan.php on line 260.
 1 APPPATH\Views\admin\nasabah\tabungan.php(260): CodeIgniter\Debug\Exceptions->errorHandler(8, 'String offset cast occurred', 'APPPATH\\Views\\admin\\nasabah\\tabungan.php', 260, [...])
 2 SYSTEMPATH\View\View.php(213): include('APPPATH\\Views\\admin\\nasabah\\tabungan.php')
 3 SYSTEMPATH\View\View.php(216): CodeIgniter\View\View->CodeIgniter\View\{closure}()
 4 SYSTEMPATH\Common.php(1184): CodeIgniter\View\View->render('admin/nasabah/tabungan', [], true)
 5 APPPATH\Controllers\Admin.php(116): view('admin/nasabah/tabungan', [...])
 6 SYSTEMPATH\CodeIgniter.php(934): App\Controllers\Admin->tabungan()
 7 SYSTEMPATH\CodeIgniter.php(499): CodeIgniter\CodeIgniter->runController(Object(App\Controllers\Admin))
 8 SYSTEMPATH\CodeIgniter.php(368): CodeIgniter\CodeIgniter->handleRequest(null, Object(Config\Cache), false)
 9 FCPATH\index.php(67): CodeIgniter\CodeIgniter->run()
10 SYSTEMPATH\Commands\Server\rewrite.php(47): require_once('FCPATH\\index.php')
INFO - 2023-06-05 09:08:05 --> Session: Class initialized using 'CodeIgniter\Session\Handlers\FileHandler' driver.
INFO - 2023-06-05 09:08:50 --> Session: Class initialized using 'CodeIgniter\Session\Handlers\FileHandler' driver.
INFO - 2023-06-05 09:09:08 --> Session: Class initialized using 'CodeIgniter\Session\Handlers\FileHandler' driver.
INFO - 2023-06-05 09:09:19 --> Session: Class initialized using 'CodeIgniter\Session\Handlers\FileHandler' driver.
CRITICAL - 2023-06-05 09:09:19 --> Illegal string offset 'jenis'
in APPPATH\Views\admin\nasabah\tabungan.php on line 260.
 1 APPPATH\Views\admin\nasabah\tabungan.php(260): CodeIgniter\Debug\Exceptions->errorHandler(2, 'Illegal string offset \'jenis\'', 'APPPATH\\Views\\admin\\nasabah\\tabungan.php', 260, [...])
 2 SYSTEMPATH\View\View.php(213): include('APPPATH\\Views\\admin\\nasabah\\tabungan.php')
 3 SYSTEMPATH\View\View.php(216): CodeIgniter\View\View->CodeIgniter\View\{closure}()
 4 SYSTEMPATH\Common.php(1184): CodeIgniter\View\View->render('admin/nasabah/tabungan', [], true)
 5 APPPATH\Controllers\Admin.php(116): view('admin/nasabah/tabungan', [...])
 6 SYSTEMPATH\CodeIgniter.php(934): App\Controllers\Admin->tabungan()
 7 SYSTEMPATH\CodeIgniter.php(499): CodeIgniter\CodeIgniter->runController(Object(App\Controllers\Admin))
 8 SYSTEMPATH\CodeIgniter.php(368): CodeIgniter\CodeIgniter->handleRequest(null, Object(Config\Cache), false)
 9 FCPATH\index.php(67): CodeIgniter\CodeIgniter->run()
10 SYSTEMPATH\Commands\Server\rewrite.php(47): require_once('FCPATH\\index.php')
INFO - 2023-06-05 09:12:49 --> Session: Class initialized using 'CodeIgniter\Session\Handlers\FileHandler' driver.
INFO - 2023-06-05 09:13:10 --> Session: Class initialized using 'CodeIgniter\Session\Handlers\FileHandler' driver.
INFO - 2023-06-05 09:13:24 --> Session: Class initialized using 'CodeIgniter\Session\Handlers\FileHandler' driver.
CRITICAL - 2023-06-05 09:13:24 --> Illegal string offset 'jenis'
in APPPATH\Views\admin\nasabah\tabungan.php on line 260.
 1 APPPATH\Views\admin\nasabah\tabungan.php(260): CodeIgniter\Debug\Exceptions->errorHandler(2, 'Illegal string offset \'jenis\'', 'APPPATH\\Views\\admin\\nasabah\\tabungan.php', 260, [...])
 2 SYSTEMPATH\View\View.php(213): include('APPPATH\\Views\\admin\\nasabah\\tabungan.php')
 3 SYSTEMPATH\View\View.php(216): CodeIgniter\View\View->CodeIgniter\View\{closure}()
 4 SYSTEMPATH\Common.php(1184): CodeIgniter\View\View->render('admin/nasabah/tabungan', [], true)
 5 APPPATH\Controllers\Admin.php(116): view('admin/nasabah/tabungan', [...])
 6 SYSTEMPATH\CodeIgniter.php(934): App\Controllers\Admin->tabungan()
 7 SYSTEMPATH\CodeIgniter.php(499): CodeIgniter\CodeIgniter->runController(Object(App\Controllers\Admin))
 8 SYSTEMPATH\CodeIgniter.php(368): CodeIgniter\CodeIgniter->handleRequest(null, Object(Config\Cache), false)
 9 FCPATH\index.php(67): CodeIgniter\CodeIgniter->run()
10 SYSTEMPATH\Commands\Server\rewrite.php(47): require_once('FCPATH\\index.php')
INFO - 2023-06-05 09:17:17 --> Session: Class initialized using 'CodeIgniter\Session\Handlers\FileHandler' driver.
INFO - 2023-06-05 09:17:18 --> Session: Class initialized using 'CodeIgniter\Session\Handlers\FileHandler' driver.
CRITICAL - 2023-06-05 09:17:18 --> Illegal string offset 'jenis'
in APPPATH\Views\admin\nasabah\tabungan.php on line 267.
 1 APPPATH\Views\admin\nasabah\tabungan.php(267): CodeIgniter\Debug\Exceptions->errorHandler(2, 'Illegal string offset \'jenis\'', 'APPPATH\\Views\\admin\\nasabah\\tabungan.php', 267, [...])
 2 SYSTEMPATH\View\View.php(213): include('APPPATH\\Views\\admin\\nasabah\\tabungan.php')
 3 SYSTEMPATH\View\View.php(216): CodeIgniter\View\View->CodeIgniter\View\{closure}()
 4 SYSTEMPATH\Common.php(1184): CodeIgniter\View\View->render('admin/nasabah/tabungan', [], true)
 5 APPPATH\Controllers\Admin.php(116): view('admin/nasabah/tabungan', [...])
 6 SYSTEMPATH\CodeIgniter.php(934): App\Controllers\Admin->tabungan()
 7 SYSTEMPATH\CodeIgniter.php(499): CodeIgniter\CodeIgniter->runController(Object(App\Controllers\Admin))
 8 SYSTEMPATH\CodeIgniter.php(368): CodeIgniter\CodeIgniter->handleRequest(null, Object(Config\Cache), false)
 9 FCPATH\index.php(67): CodeIgniter\CodeIgniter->run()
10 SYSTEMPATH\Commands\Server\rewrite.php(47): require_once('FCPATH\\index.php')
INFO - 2023-06-05 09:19:36 --> Session: Class initialized using 'CodeIgniter\Session\Handlers\FileHandler' driver.
CRITICAL - 2023-06-05 09:19:36 --> Illegal string offset 'jenis'
in APPPATH\Views\admin\nasabah\tabungan.php on line 265.
 1 APPPATH\Views\admin\nasabah\tabungan.php(265): CodeIgniter\Debug\Exceptions->errorHandler(2, 'Illegal string offset \'jenis\'', 'APPPATH\\Views\\admin\\nasabah\\tabungan.php', 265, [...])
 2 SYSTEMPATH\View\View.php(213): include('APPPATH\\Views\\admin\\nasabah\\tabungan.php')
 3 SYSTEMPATH\View\View.php(216): CodeIgniter\View\View->CodeIgniter\View\{closure}()
 4 SYSTEMPATH\Common.php(1184): CodeIgniter\View\View->render('admin/nasabah/tabungan', [], true)
 5 APPPATH\Controllers\Admin.php(116): view('admin/nasabah/tabungan', [...])
 6 SYSTEMPATH\CodeIgniter.php(934): App\Controllers\Admin->tabungan()
 7 SYSTEMPATH\CodeIgniter.php(499): CodeIgniter\CodeIgniter->runController(Object(App\Controllers\Admin))
 8 SYSTEMPATH\CodeIgniter.php(368): CodeIgniter\CodeIgniter->handleRequest(null, Object(Config\Cache), false)
 9 FCPATH\index.php(67): CodeIgniter\CodeIgniter->run()
10 SYSTEMPATH\Commands\Server\rewrite.php(47): require_once('FCPATH\\index.php')
INFO - 2023-06-05 09:25:38 --> Session: Class initialized using 'CodeIgniter\Session\Handlers\FileHandler' driver.
CRITICAL - 2023-06-05 09:25:38 --> Illegal string offset 'jenis'
in APPPATH\Views\admin\nasabah\tabungan.php on line 277.
 1 APPPATH\Views\admin\nasabah\tabungan.php(277): CodeIgniter\Debug\Exceptions->errorHandler(2, 'Illegal string offset \'jenis\'', 'APPPATH\\Views\\admin\\nasabah\\tabungan.php', 277, [...])
 2 SYSTEMPATH\View\View.php(213): include('APPPATH\\Views\\admin\\nasabah\\tabungan.php')
 3 SYSTEMPATH\View\View.php(216): CodeIgniter\View\View->CodeIgniter\View\{closure}()
 4 SYSTEMPATH\Common.php(1184): CodeIgniter\View\View->render('admin/nasabah/tabungan', [], true)
 5 APPPATH\Controllers\Admin.php(116): view('admin/nasabah/tabungan', [...])
 6 SYSTEMPATH\CodeIgniter.php(934): App\Controllers\Admin->tabungan()
 7 SYSTEMPATH\CodeIgniter.php(499): CodeIgniter\CodeIgniter->runController(Object(App\Controllers\Admin))
 8 SYSTEMPATH\CodeIgniter.php(368): CodeIgniter\CodeIgniter->handleRequest(null, Object(Config\Cache), false)
 9 FCPATH\index.php(67): CodeIgniter\CodeIgniter->run()
10 SYSTEMPATH\Commands\Server\rewrite.php(47): require_once('FCPATH\\index.php')
INFO - 2023-06-05 09:25:40 --> Session: Class initialized using 'CodeIgniter\Session\Handlers\FileHandler' driver.
INFO - 2023-06-05 09:25:41 --> Session: Class initialized using 'CodeIgniter\Session\Handlers\FileHandler' driver.
CRITICAL - 2023-06-05 09:25:41 --> Illegal string offset 'jenis'
in APPPATH\Views\admin\nasabah\tabungan.php on line 277.
 1 APPPATH\Views\admin\nasabah\tabungan.php(277): CodeIgniter\Debug\Exceptions->errorHandler(2, 'Illegal string offset \'jenis\'', 'APPPATH\\Views\\admin\\nasabah\\tabungan.php', 277, [...])
 2 SYSTEMPATH\View\View.php(213): include('APPPATH\\Views\\admin\\nasabah\\tabungan.php')
 3 SYSTEMPATH\View\View.php(216): CodeIgniter\View\View->CodeIgniter\View\{closure}()
 4 SYSTEMPATH\Common.php(1184): CodeIgniter\View\View->render('admin/nasabah/tabungan', [], true)
 5 APPPATH\Controllers\Admin.php(116): view('admin/nasabah/tabungan', [...])
 6 SYSTEMPATH\CodeIgniter.php(934): App\Controllers\Admin->tabungan()
 7 SYSTEMPATH\CodeIgniter.php(499): CodeIgniter\CodeIgniter->runController(Object(App\Controllers\Admin))
 8 SYSTEMPATH\CodeIgniter.php(368): CodeIgniter\CodeIgniter->handleRequest(null, Object(Config\Cache), false)
 9 FCPATH\index.php(67): CodeIgniter\CodeIgniter->run()
10 SYSTEMPATH\Commands\Server\rewrite.php(47): require_once('FCPATH\\index.php')
INFO - 2023-06-05 09:25:42 --> Session: Class initialized using 'CodeIgniter\Session\Handlers\FileHandler' driver.
CRITICAL - 2023-06-05 09:25:42 --> Illegal string offset 'jenis'
in APPPATH\Views\admin\nasabah\tabungan.php on line 277.
 1 APPPATH\Views\admin\nasabah\tabungan.php(277): CodeIgniter\Debug\Exceptions->errorHandler(2, 'Illegal string offset \'jenis\'', 'APPPATH\\Views\\admin\\nasabah\\tabungan.php', 277, [...])
 2 SYSTEMPATH\View\View.php(213): include('APPPATH\\Views\\admin\\nasabah\\tabungan.php')
 3 SYSTEMPATH\View\View.php(216): CodeIgniter\View\View->CodeIgniter\View\{closure}()
 4 SYSTEMPATH\Common.php(1184): CodeIgniter\View\View->render('admin/nasabah/tabungan', [], true)
 5 APPPATH\Controllers\Admin.php(116): view('admin/nasabah/tabungan', [...])
 6 SYSTEMPATH\CodeIgniter.php(934): App\Controllers\Admin->tabungan()
 7 SYSTEMPATH\CodeIgniter.php(499): CodeIgniter\CodeIgniter->runController(Object(App\Controllers\Admin))
 8 SYSTEMPATH\CodeIgniter.php(368): CodeIgniter\CodeIgniter->handleRequest(null, Object(Config\Cache), false)
 9 FCPATH\index.php(67): CodeIgniter\CodeIgniter->run()
10 SYSTEMPATH\Commands\Server\rewrite.php(47): require_once('FCPATH\\index.php')
INFO - 2023-06-05 09:26:45 --> Session: Class initialized using 'CodeIgniter\Session\Handlers\FileHandler' driver.
INFO - 2023-06-05 09:30:10 --> Session: Class initialized using 'CodeIgniter\Session\Handlers\FileHandler' driver.
INFO - 2023-06-05 09:33:14 --> Session: Class initialized using 'CodeIgniter\Session\Handlers\FileHandler' driver.
INFO - 2023-06-05 09:34:16 --> Session: Class initialized using 'CodeIgniter\Session\Handlers\FileHandler' driver.
INFO - 2023-06-05 09:34:28 --> Session: Class initialized using 'CodeIgniter\Session\Handlers\FileHandler' driver.
INFO - 2023-06-05 09:34:38 --> Session: Class initialized using 'CodeIgniter\Session\Handlers\FileHandler' driver.
INFO - 2023-06-05 09:35:19 --> Session: Class initialized using 'CodeIgniter\Session\Handlers\FileHandler' driver.
INFO - 2023-06-05 09:36:59 --> Session: Class initialized using 'CodeIgniter\Session\Handlers\FileHandler' driver.
CRITICAL - 2023-06-05 09:36:59 --> Illegal string offset 'jenis'
in APPPATH\Views\admin\nasabah\tabungan.php on line 277.
 1 APPPATH\Views\admin\nasabah\tabungan.php(277): CodeIgniter\Debug\Exceptions->errorHandler(2, 'Illegal string offset \'jenis\'', 'APPPATH\\Views\\admin\\nasabah\\tabungan.php', 277, [...])
 2 SYSTEMPATH\View\View.php(213): include('APPPATH\\Views\\admin\\nasabah\\tabungan.php')
 3 SYSTEMPATH\View\View.php(216): CodeIgniter\View\View->CodeIgniter\View\{closure}()
 4 SYSTEMPATH\Common.php(1184): CodeIgniter\View\View->render('admin/nasabah/tabungan', [], true)
 5 APPPATH\Controllers\Admin.php(116): view('admin/nasabah/tabungan', [...])
 6 SYSTEMPATH\CodeIgniter.php(934): App\Controllers\Admin->tabungan()
 7 SYSTEMPATH\CodeIgniter.php(499): CodeIgniter\CodeIgniter->runController(Object(App\Controllers\Admin))
 8 SYSTEMPATH\CodeIgniter.php(368): CodeIgniter\CodeIgniter->handleRequest(null, Object(Config\Cache), false)
 9 FCPATH\index.php(67): CodeIgniter\CodeIgniter->run()
10 SYSTEMPATH\Commands\Server\rewrite.php(47): require_once('FCPATH\\index.php')
INFO - 2023-06-05 09:39:40 --> Session: Class initialized using 'CodeIgniter\Session\Handlers\FileHandler' driver.
CRITICAL - 2023-06-05 09:39:40 --> Illegal string offset 'jenis'
in APPPATH\Views\admin\nasabah\tabungan.php on line 277.
 1 APPPATH\Views\admin\nasabah\tabungan.php(277): CodeIgniter\Debug\Exceptions->errorHandler(2, 'Illegal string offset \'jenis\'', 'APPPATH\\Views\\admin\\nasabah\\tabungan.php', 277, [...])
 2 SYSTEMPATH\View\View.php(213): include('APPPATH\\Views\\admin\\nasabah\\tabungan.php')
 3 SYSTEMPATH\View\View.php(216): CodeIgniter\View\View->CodeIgniter\View\{closure}()
 4 SYSTEMPATH\Common.php(1184): CodeIgniter\View\View->render('admin/nasabah/tabungan', [], true)
 5 APPPATH\Controllers\Admin.php(116): view('admin/nasabah/tabungan', [...])
 6 SYSTEMPATH\CodeIgniter.php(934): App\Controllers\Admin->tabungan()
 7 SYSTEMPATH\CodeIgniter.php(499): CodeIgniter\CodeIgniter->runController(Object(App\Controllers\Admin))
 8 SYSTEMPATH\CodeIgniter.php(368): CodeIgniter\CodeIgniter->handleRequest(null, Object(Config\Cache), false)
 9 FCPATH\index.php(67): CodeIgniter\CodeIgniter->run()
10 SYSTEMPATH\Commands\Server\rewrite.php(47): require_once('FCPATH\\index.php')
INFO - 2023-06-05 09:40:30 --> Session: Class initialized using 'CodeIgniter\Session\Handlers\FileHandler' driver.
INFO - 2023-06-05 09:40:32 --> Session: Class initialized using 'CodeIgniter\Session\Handlers\FileHandler' driver.
INFO - 2023-06-05 09:40:34 --> Session: Class initialized using 'CodeIgniter\Session\Handlers\FileHandler' driver.
INFO - 2023-06-05 09:40:44 --> Session: Class initialized using 'CodeIgniter\Session\Handlers\FileHandler' driver.
INFO - 2023-06-05 09:40:44 --> Session: Class initialized using 'CodeIgniter\Session\Handlers\FileHandler' driver.
INFO - 2023-06-05 09:41:21 --> Session: Class initialized using 'CodeIgniter\Session\Handlers\FileHandler' driver.
CRITICAL - 2023-06-05 09:41:21 --> Illegal string offset 'jenis'
in APPPATH\Views\admin\nasabah\tabungan.php on line 277.
 1 APPPATH\Views\admin\nasabah\tabungan.php(277): CodeIgniter\Debug\Exceptions->errorHandler(2, 'Illegal string offset \'jenis\'', 'APPPATH\\Views\\admin\\nasabah\\tabungan.php', 277, [...])
 2 SYSTEMPATH\View\View.php(213): include('APPPATH\\Views\\admin\\nasabah\\tabungan.php')
 3 SYSTEMPATH\View\View.php(216): CodeIgniter\View\View->CodeIgniter\View\{closure}()
 4 SYSTEMPATH\Common.php(1184): CodeIgniter\View\View->render('admin/nasabah/tabungan', [], true)
 5 APPPATH\Controllers\Admin.php(116): view('admin/nasabah/tabungan', [...])
 6 SYSTEMPATH\CodeIgniter.php(934): App\Controllers\Admin->tabungan()
 7 SYSTEMPATH\CodeIgniter.php(499): CodeIgniter\CodeIgniter->runController(Object(App\Controllers\Admin))
 8 SYSTEMPATH\CodeIgniter.php(368): CodeIgniter\CodeIgniter->handleRequest(null, Object(Config\Cache), false)
 9 FCPATH\index.php(67): CodeIgniter\CodeIgniter->run()
10 SYSTEMPATH\Commands\Server\rewrite.php(47): require_once('FCPATH\\index.php')
INFO - 2023-06-05 09:45:30 --> Session: Class initialized using 'CodeIgniter\Session\Handlers\FileHandler' driver.
INFO - 2023-06-05 09:46:00 --> Session: Class initialized using 'CodeIgniter\Session\Handlers\FileHandler' driver.
INFO - 2023-06-05 09:46:01 --> Session: Class initialized using 'CodeIgniter\Session\Handlers\FileHandler' driver.
INFO - 2023-06-05 09:46:56 --> Session: Class initialized using 'CodeIgniter\Session\Handlers\FileHandler' driver.
CRITICAL - 2023-06-05 09:46:56 --> Illegal string offset 'jenis'
in APPPATH\Views\admin\nasabah\tabungan.php on line 260.
 1 APPPATH\Views\admin\nasabah\tabungan.php(260): CodeIgniter\Debug\Exceptions->errorHandler(2, 'Illegal string offset \'jenis\'', 'APPPATH\\Views\\admin\\nasabah\\tabungan.php', 260, [...])
 2 SYSTEMPATH\View\View.php(213): include('APPPATH\\Views\\admin\\nasabah\\tabungan.php')
 3 SYSTEMPATH\View\View.php(216): CodeIgniter\View\View->CodeIgniter\View\{closure}()
 4 SYSTEMPATH\Common.php(1184): CodeIgniter\View\View->render('admin/nasabah/tabungan', [], true)
 5 APPPATH\Controllers\Admin.php(116): view('admin/nasabah/tabungan', [...])
 6 SYSTEMPATH\CodeIgniter.php(934): App\Controllers\Admin->tabungan()
 7 SYSTEMPATH\CodeIgniter.php(499): CodeIgniter\CodeIgniter->runController(Object(App\Controllers\Admin))
 8 SYSTEMPATH\CodeIgniter.php(368): CodeIgniter\CodeIgniter->handleRequest(null, Object(Config\Cache), false)
 9 FCPATH\index.php(67): CodeIgniter\CodeIgniter->run()
10 SYSTEMPATH\Commands\Server\rewrite.php(47): require_once('FCPATH\\index.php')
INFO - 2023-06-05 09:49:58 --> Session: Class initialized using 'CodeIgniter\Session\Handlers\FileHandler' driver.
CRITICAL - 2023-06-05 09:49:58 --> Illegal string offset 'jenis'
in APPPATH\Views\admin\nasabah\tabungan.php on line 262.
 1 APPPATH\Views\admin\nasabah\tabungan.php(262): CodeIgniter\Debug\Exceptions->errorHandler(2, 'Illegal string offset \'jenis\'', 'APPPATH\\Views\\admin\\nasabah\\tabungan.php', 262, [...])
 2 SYSTEMPATH\View\View.php(213): include('APPPATH\\Views\\admin\\nasabah\\tabungan.php')
 3 SYSTEMPATH\View\View.php(216): CodeIgniter\View\View->CodeIgniter\View\{closure}()
 4 SYSTEMPATH\Common.php(1184): CodeIgniter\View\View->render('admin/nasabah/tabungan', [], true)
 5 APPPATH\Controllers\Admin.php(116): view('admin/nasabah/tabungan', [...])
 6 SYSTEMPATH\CodeIgniter.php(934): App\Controllers\Admin->tabungan()
 7 SYSTEMPATH\CodeIgniter.php(499): CodeIgniter\CodeIgniter->runController(Object(App\Controllers\Admin))
 8 SYSTEMPATH\CodeIgniter.php(368): CodeIgniter\CodeIgniter->handleRequest(null, Object(Config\Cache), false)
 9 FCPATH\index.php(67): CodeIgniter\CodeIgniter->run()
10 SYSTEMPATH\Commands\Server\rewrite.php(47): require_once('FCPATH\\index.php')
INFO - 2023-06-05 09:50:14 --> Session: Class initialized using 'CodeIgniter\Session\Handlers\FileHandler' driver.
CRITICAL - 2023-06-05 09:50:14 --> Illegal string offset 'jenis'
in APPPATH\Views\admin\nasabah\tabungan.php on line 262.
 1 APPPATH\Views\admin\nasabah\tabungan.php(262): CodeIgniter\Debug\Exceptions->errorHandler(2, 'Illegal string offset \'jenis\'', 'APPPATH\\Views\\admin\\nasabah\\tabungan.php', 262, [...])
 2 SYSTEMPATH\View\View.php(213): include('APPPATH\\Views\\admin\\nasabah\\tabungan.php')
 3 SYSTEMPATH\View\View.php(216): CodeIgniter\View\View->CodeIgniter\View\{closure}()
 4 SYSTEMPATH\Common.php(1184): CodeIgniter\View\View->render('admin/nasabah/tabungan', [], true)
 5 APPPATH\Controllers\Admin.php(116): view('admin/nasabah/tabungan', [...])
 6 SYSTEMPATH\CodeIgniter.php(934): App\Controllers\Admin->tabungan()
 7 SYSTEMPATH\CodeIgniter.php(499): CodeIgniter\CodeIgniter->runController(Object(App\Controllers\Admin))
 8 SYSTEMPATH\CodeIgniter.php(368): CodeIgniter\CodeIgniter->handleRequest(null, Object(Config\Cache), false)
 9 FCPATH\index.php(67): CodeIgniter\CodeIgniter->run()
10 SYSTEMPATH\Commands\Server\rewrite.php(47): require_once('FCPATH\\index.php')
INFO - 2023-06-05 09:50:15 --> Session: Class initialized using 'CodeIgniter\Session\Handlers\FileHandler' driver.
INFO - 2023-06-05 09:50:17 --> Session: Class initialized using 'CodeIgniter\Session\Handlers\FileHandler' driver.
CRITICAL - 2023-06-05 09:50:17 --> Illegal string offset 'jenis'
in APPPATH\Views\admin\nasabah\tabungan.php on line 262.
 1 APPPATH\Views\admin\nasabah\tabungan.php(262): CodeIgniter\Debug\Exceptions->errorHandler(2, 'Illegal string offset \'jenis\'', 'APPPATH\\Views\\admin\\nasabah\\tabungan.php', 262, [...])
 2 SYSTEMPATH\View\View.php(213): include('APPPATH\\Views\\admin\\nasabah\\tabungan.php')
 3 SYSTEMPATH\View\View.php(216): CodeIgniter\View\View->CodeIgniter\View\{closure}()
 4 SYSTEMPATH\Common.php(1184): CodeIgniter\View\View->render('admin/nasabah/tabungan', [], true)
 5 APPPATH\Controllers\Admin.php(116): view('admin/nasabah/tabungan', [...])
 6 SYSTEMPATH\CodeIgniter.php(934): App\Controllers\Admin->tabungan()
 7 SYSTEMPATH\CodeIgniter.php(499): CodeIgniter\CodeIgniter->runController(Object(App\Controllers\Admin))
 8 SYSTEMPATH\CodeIgniter.php(368): CodeIgniter\CodeIgniter->handleRequest(null, Object(Config\Cache), false)
 9 FCPATH\index.php(67): CodeIgniter\CodeIgniter->run()
10 SYSTEMPATH\Commands\Server\rewrite.php(47): require_once('FCPATH\\index.php')
INFO - 2023-06-05 09:50:35 --> Session: Class initialized using 'CodeIgniter\Session\Handlers\FileHandler' driver.
INFO - 2023-06-05 09:50:44 --> Session: Class initialized using 'CodeIgniter\Session\Handlers\FileHandler' driver.
INFO - 2023-06-05 09:50:45 --> Session: Class initialized using 'CodeIgniter\Session\Handlers\FileHandler' driver.
INFO - 2023-06-05 09:50:46 --> Session: Class initialized using 'CodeIgniter\Session\Handlers\FileHandler' driver.
INFO - 2023-06-05 09:51:44 --> Session: Class initialized using 'CodeIgniter\Session\Handlers\FileHandler' driver.
INFO - 2023-06-05 09:57:32 --> Session: Class initialized using 'CodeIgniter\Session\Handlers\FileHandler' driver.
CRITICAL - 2023-06-05 09:57:32 --> Illegal string offset 'jenis'
in APPPATH\Views\admin\nasabah\tabungan.php on line 260.
 1 APPPATH\Views\admin\nasabah\tabungan.php(260): CodeIgniter\Debug\Exceptions->errorHandler(2, 'Illegal string offset \'jenis\'', 'APPPATH\\Views\\admin\\nasabah\\tabungan.php', 260, [...])
 2 SYSTEMPATH\View\View.php(213): include('APPPATH\\Views\\admin\\nasabah\\tabungan.php')
 3 SYSTEMPATH\View\View.php(216): CodeIgniter\View\View->CodeIgniter\View\{closure}()
 4 SYSTEMPATH\Common.php(1184): CodeIgniter\View\View->render('admin/nasabah/tabungan', [], true)
 5 APPPATH\Controllers\Admin.php(116): view('admin/nasabah/tabungan', [...])
 6 SYSTEMPATH\CodeIgniter.php(934): App\Controllers\Admin->tabungan()
 7 SYSTEMPATH\CodeIgniter.php(499): CodeIgniter\CodeIgniter->runController(Object(App\Controllers\Admin))
 8 SYSTEMPATH\CodeIgniter.php(368): CodeIgniter\CodeIgniter->handleRequest(null, Object(Config\Cache), false)
 9 FCPATH\index.php(67): CodeIgniter\CodeIgniter->run()
10 SYSTEMPATH\Commands\Server\rewrite.php(47): require_once('FCPATH\\index.php')
INFO - 2023-06-05 09:57:41 --> Session: Class initialized using 'CodeIgniter\Session\Handlers\FileHandler' driver.
CRITICAL - 2023-06-05 09:57:41 --> Illegal string offset 'id'
in APPPATH\Views\admin\nasabah\tabungan.php on line 260.
 1 APPPATH\Views\admin\nasabah\tabungan.php(260): CodeIgniter\Debug\Exceptions->errorHandler(2, 'Illegal string offset \'id\'', 'APPPATH\\Views\\admin\\nasabah\\tabungan.php', 260, [...])
 2 SYSTEMPATH\View\View.php(213): include('APPPATH\\Views\\admin\\nasabah\\tabungan.php')
 3 SYSTEMPATH\View\View.php(216): CodeIgniter\View\View->CodeIgniter\View\{closure}()
 4 SYSTEMPATH\Common.php(1184): CodeIgniter\View\View->render('admin/nasabah/tabungan', [], true)
 5 APPPATH\Controllers\Admin.php(116): view('admin/nasabah/tabungan', [...])
 6 SYSTEMPATH\CodeIgniter.php(934): App\Controllers\Admin->tabungan()
 7 SYSTEMPATH\CodeIgniter.php(499): CodeIgniter\CodeIgniter->runController(Object(App\Controllers\Admin))
 8 SYSTEMPATH\CodeIgniter.php(368): CodeIgniter\CodeIgniter->handleRequest(null, Object(Config\Cache), false)
 9 FCPATH\index.php(67): CodeIgniter\CodeIgniter->run()
10 SYSTEMPATH\Commands\Server\rewrite.php(47): require_once('FCPATH\\index.php')
INFO - 2023-06-05 09:58:11 --> Session: Class initialized using 'CodeIgniter\Session\Handlers\FileHandler' driver.
INFO - 2023-06-05 10:02:18 --> Session: Class initialized using 'CodeIgniter\Session\Handlers\FileHandler' driver.
INFO - 2023-06-05 10:03:40 --> Session: Class initialized using 'CodeIgniter\Session\Handlers\FileHandler' driver.
CRITICAL - 2023-06-05 10:03:40 --> Undefined index: jenis
in APPPATH\Views\admin\nasabah\tabungan.php on line 260.
 1 APPPATH\Views\admin\nasabah\tabungan.php(260): CodeIgniter\Debug\Exceptions->errorHandler(8, 'Undefined index: jenis', 'APPPATH\\Views\\admin\\nasabah\\tabungan.php', 260, [...])
 2 SYSTEMPATH\View\View.php(213): include('APPPATH\\Views\\admin\\nasabah\\tabungan.php')
 3 SYSTEMPATH\View\View.php(216): CodeIgniter\View\View->CodeIgniter\View\{closure}()
 4 SYSTEMPATH\Common.php(1184): CodeIgniter\View\View->render('admin/nasabah/tabungan', [], true)
 5 APPPATH\Controllers\Admin.php(116): view('admin/nasabah/tabungan', [...])
 6 SYSTEMPATH\CodeIgniter.php(934): App\Controllers\Admin->tabungan()
 7 SYSTEMPATH\CodeIgniter.php(499): CodeIgniter\CodeIgniter->runController(Object(App\Controllers\Admin))
 8 SYSTEMPATH\CodeIgniter.php(368): CodeIgniter\CodeIgniter->handleRequest(null, Object(Config\Cache), false)
 9 FCPATH\index.php(67): CodeIgniter\CodeIgniter->run()
10 SYSTEMPATH\Commands\Server\rewrite.php(47): require_once('FCPATH\\index.php')
INFO - 2023-06-05 10:05:23 --> Session: Class initialized using 'CodeIgniter\Session\Handlers\FileHandler' driver.
CRITICAL - 2023-06-05 10:05:23 --> Illegal string offset 'jenis'
in APPPATH\Views\admin\nasabah\tabungan.php on line 260.
 1 APPPATH\Views\admin\nasabah\tabungan.php(260): CodeIgniter\Debug\Exceptions->errorHandler(2, 'Illegal string offset \'jenis\'', 'APPPATH\\Views\\admin\\nasabah\\tabungan.php', 260, [...])
 2 SYSTEMPATH\View\View.php(213): include('APPPATH\\Views\\admin\\nasabah\\tabungan.php')
 3 SYSTEMPATH\View\View.php(216): CodeIgniter\View\View->CodeIgniter\View\{closure}()
 4 SYSTEMPATH\Common.php(1184): CodeIgniter\View\View->render('admin/nasabah/tabungan', [], true)
 5 APPPATH\Controllers\Admin.php(116): view('admin/nasabah/tabungan', [...])
 6 SYSTEMPATH\CodeIgniter.php(934): App\Controllers\Admin->tabungan()
 7 SYSTEMPATH\CodeIgniter.php(499): CodeIgniter\CodeIgniter->runController(Object(App\Controllers\Admin))
 8 SYSTEMPATH\CodeIgniter.php(368): CodeIgniter\CodeIgniter->handleRequest(null, Object(Config\Cache), false)
 9 FCPATH\index.php(67): CodeIgniter\CodeIgniter->run()
10 SYSTEMPATH\Commands\Server\rewrite.php(47): require_once('FCPATH\\index.php')
INFO - 2023-06-05 10:05:25 --> Session: Class initialized using 'CodeIgniter\Session\Handlers\FileHandler' driver.
INFO - 2023-06-05 10:05:26 --> Session: Class initialized using 'CodeIgniter\Session\Handlers\FileHandler' driver.
CRITICAL - 2023-06-05 10:05:26 --> Illegal string offset 'jenis'
in APPPATH\Views\admin\nasabah\tabungan.php on line 260.
 1 APPPATH\Views\admin\nasabah\tabungan.php(260): CodeIgniter\Debug\Exceptions->errorHandler(2, 'Illegal string offset \'jenis\'', 'APPPATH\\Views\\admin\\nasabah\\tabungan.php', 260, [...])
 2 SYSTEMPATH\View\View.php(213): include('APPPATH\\Views\\admin\\nasabah\\tabungan.php')
 3 SYSTEMPATH\View\View.php(216): CodeIgniter\View\View->CodeIgniter\View\{closure}()
 4 SYSTEMPATH\Common.php(1184): CodeIgniter\View\View->render('admin/nasabah/tabungan', [], true)
 5 APPPATH\Controllers\Admin.php(116): view('admin/nasabah/tabungan', [...])
 6 SYSTEMPATH\CodeIgniter.php(934): App\Controllers\Admin->tabungan()
 7 SYSTEMPATH\CodeIgniter.php(499): CodeIgniter\CodeIgniter->runController(Object(App\Controllers\Admin))
 8 SYSTEMPATH\CodeIgniter.php(368): CodeIgniter\CodeIgniter->handleRequest(null, Object(Config\Cache), false)
 9 FCPATH\index.php(67): CodeIgniter\CodeIgniter->run()
10 SYSTEMPATH\Commands\Server\rewrite.php(47): require_once('FCPATH\\index.php')
INFO - 2023-06-05 10:06:27 --> Session: Class initialized using 'CodeIgniter\Session\Handlers\FileHandler' driver.
CRITICAL - 2023-06-05 10:06:27 --> Illegal string offset 'jenis'
in APPPATH\Views\admin\nasabah\tabungan.php on line 260.
 1 APPPATH\Views\admin\nasabah\tabungan.php(260): CodeIgniter\Debug\Exceptions->errorHandler(2, 'Illegal string offset \'jenis\'', 'APPPATH\\Views\\admin\\nasabah\\tabungan.php', 260, [...])
 2 SYSTEMPATH\View\View.php(213): include('APPPATH\\Views\\admin\\nasabah\\tabungan.php')
 3 SYSTEMPATH\View\View.php(216): CodeIgniter\View\View->CodeIgniter\View\{closure}()
 4 SYSTEMPATH\Common.php(1184): CodeIgniter\View\View->render('admin/nasabah/tabungan', [], true)
 5 APPPATH\Controllers\Admin.php(116): view('admin/nasabah/tabungan', [...])
 6 SYSTEMPATH\CodeIgniter.php(934): App\Controllers\Admin->tabungan()
 7 SYSTEMPATH\CodeIgniter.php(499): CodeIgniter\CodeIgniter->runController(Object(App\Controllers\Admin))
 8 SYSTEMPATH\CodeIgniter.php(368): CodeIgniter\CodeIgniter->handleRequest(null, Object(Config\Cache), false)
 9 FCPATH\index.php(67): CodeIgniter\CodeIgniter->run()
10 SYSTEMPATH\Commands\Server\rewrite.php(47): require_once('FCPATH\\index.php')
INFO - 2023-06-05 10:07:42 --> Session: Class initialized using 'CodeIgniter\Session\Handlers\FileHandler' driver.
INFO - 2023-06-05 10:14:00 --> Session: Class initialized using 'CodeIgniter\Session\Handlers\FileHandler' driver.
CRITICAL - 2023-06-05 10:14:00 --> Array to string conversion
in APPPATH\Views\admin\nasabah\tabungan.php on line 255.
 1 APPPATH\Views\admin\nasabah\tabungan.php(255): CodeIgniter\Debug\Exceptions->errorHandler(8, 'Array to string conversion', 'APPPATH\\Views\\admin\\nasabah\\tabungan.php', 255, [...])
 2 SYSTEMPATH\View\View.php(213): include('APPPATH\\Views\\admin\\nasabah\\tabungan.php')
 3 SYSTEMPATH\View\View.php(216): CodeIgniter\View\View->CodeIgniter\View\{closure}()
 4 SYSTEMPATH\Common.php(1184): CodeIgniter\View\View->render('admin/nasabah/tabungan', [], true)
 5 APPPATH\Controllers\Admin.php(116): view('admin/nasabah/tabungan', [...])
 6 SYSTEMPATH\CodeIgniter.php(934): App\Controllers\Admin->tabungan()
 7 SYSTEMPATH\CodeIgniter.php(499): CodeIgniter\CodeIgniter->runController(Object(App\Controllers\Admin))
 8 SYSTEMPATH\CodeIgniter.php(368): CodeIgniter\CodeIgniter->handleRequest(null, Object(Config\Cache), false)
 9 FCPATH\index.php(67): CodeIgniter\CodeIgniter->run()
10 SYSTEMPATH\Commands\Server\rewrite.php(47): require_once('FCPATH\\index.php')
INFO - 2023-06-05 10:15:05 --> Session: Class initialized using 'CodeIgniter\Session\Handlers\FileHandler' driver.
INFO - 2023-06-05 10:15:30 --> Session: Class initialized using 'CodeIgniter\Session\Handlers\FileHandler' driver.
INFO - 2023-06-05 10:15:31 --> Session: Class initialized using 'CodeIgniter\Session\Handlers\FileHandler' driver.
INFO - 2023-06-05 10:15:48 --> Session: Class initialized using 'CodeIgniter\Session\Handlers\FileHandler' driver.
INFO - 2023-06-05 10:16:04 --> Session: Class initialized using 'CodeIgniter\Session\Handlers\FileHandler' driver.
INFO - 2023-06-05 10:18:07 --> Session: Class initialized using 'CodeIgniter\Session\Handlers\FileHandler' driver.
INFO - 2023-06-05 10:19:22 --> Session: Class initialized using 'CodeIgniter\Session\Handlers\FileHandler' driver.
INFO - 2023-06-05 10:23:29 --> Session: Class initialized using 'CodeIgniter\Session\Handlers\FileHandler' driver.
INFO - 2023-06-05 10:24:06 --> Session: Class initialized using 'CodeIgniter\Session\Handlers\FileHandler' driver.
INFO - 2023-06-05 10:30:35 --> Session: Class initialized using 'CodeIgniter\Session\Handlers\FileHandler' driver.
INFO - 2023-06-05 10:32:29 --> Session: Class initialized using 'CodeIgniter\Session\Handlers\FileHandler' driver.
INFO - 2023-06-05 10:32:43 --> Session: Class initialized using 'CodeIgniter\Session\Handlers\FileHandler' driver.
INFO - 2023-06-05 10:33:21 --> Session: Class initialized using 'CodeIgniter\Session\Handlers\FileHandler' driver.
INFO - 2023-06-05 10:34:51 --> Session: Class initialized using 'CodeIgniter\Session\Handlers\FileHandler' driver.
INFO - 2023-06-05 10:35:07 --> Session: Class initialized using 'CodeIgniter\Session\Handlers\FileHandler' driver.
INFO - 2023-06-05 10:35:32 --> Session: Class initialized using 'CodeIgniter\Session\Handlers\FileHandler' driver.
INFO - 2023-06-05 10:38:19 --> Session: Class initialized using 'CodeIgniter\Session\Handlers\FileHandler' driver.
CRITICAL - 2023-06-05 10:38:19 --> Illegal string offset 'jenis'
in APPPATH\Views\admin\nasabah\tabungan.php on line 220.
 1 APPPATH\Views\admin\nasabah\tabungan.php(220): CodeIgniter\Debug\Exceptions->errorHandler(2, 'Illegal string offset \'jenis\'', 'APPPATH\\Views\\admin\\nasabah\\tabungan.php', 220, [...])
 2 SYSTEMPATH\View\View.php(213): include('APPPATH\\Views\\admin\\nasabah\\tabungan.php')
 3 SYSTEMPATH\View\View.php(216): CodeIgniter\View\View->CodeIgniter\View\{closure}()
 4 SYSTEMPATH\Common.php(1184): CodeIgniter\View\View->render('admin/nasabah/tabungan', [], true)
 5 APPPATH\Controllers\Admin.php(122): view('admin/nasabah/tabungan', [...])
 6 SYSTEMPATH\CodeIgniter.php(934): App\Controllers\Admin->tabungan()
 7 SYSTEMPATH\CodeIgniter.php(499): CodeIgniter\CodeIgniter->runController(Object(App\Controllers\Admin))
 8 SYSTEMPATH\CodeIgniter.php(368): CodeIgniter\CodeIgniter->handleRequest(null, Object(Config\Cache), false)
 9 FCPATH\index.php(67): CodeIgniter\CodeIgniter->run()
10 SYSTEMPATH\Commands\Server\rewrite.php(47): require_once('FCPATH\\index.php')
INFO - 2023-06-05 10:39:30 --> Session: Class initialized using 'CodeIgniter\Session\Handlers\FileHandler' driver.
INFO - 2023-06-05 10:40:02 --> Session: Class initialized using 'CodeIgniter\Session\Handlers\FileHandler' driver.
INFO - 2023-06-05 10:45:23 --> Session: Class initialized using 'CodeIgniter\Session\Handlers\FileHandler' driver.
INFO - 2023-06-05 10:45:37 --> Session: Class initialized using 'CodeIgniter\Session\Handlers\FileHandler' driver.
INFO - 2023-06-05 10:47:52 --> Session: Class initialized using 'CodeIgniter\Session\Handlers\FileHandler' driver.
INFO - 2023-06-05 10:48:03 --> Session: Class initialized using 'CodeIgniter\Session\Handlers\FileHandler' driver.
INFO - 2023-06-05 10:50:00 --> Session: Class initialized using 'CodeIgniter\Session\Handlers\FileHandler' driver.
INFO - 2023-06-05 10:50:22 --> Session: Class initialized using 'CodeIgniter\Session\Handlers\FileHandler' driver.
INFO - 2023-06-05 10:51:11 --> Session: Class initialized using 'CodeIgniter\Session\Handlers\FileHandler' driver.
INFO - 2023-06-05 10:52:01 --> Session: Class initialized using 'CodeIgniter\Session\Handlers\FileHandler' driver.
INFO - 2023-06-05 10:52:50 --> Session: Class initialized using 'CodeIgniter\Session\Handlers\FileHandler' driver.
INFO - 2023-06-05 10:53:16 --> Session: Class initialized using 'CodeIgniter\Session\Handlers\FileHandler' driver.
ERROR - 2023-06-05 10:53:16 --> mysqli_sql_exception: Unknown column 'jenis' in 'field list' in C:\Users\Fikri Aslam\Desktop\KULIAH\SKRIPSI\sistem-informasi-tpst\system\Database\MySQLi\Connection.php:295
Stack trace:
#0 C:\Users\Fikri Aslam\Desktop\KULIAH\SKRIPSI\sistem-informasi-tpst\system\Database\MySQLi\Connection.php(295): mysqli->query('SELECT `jenis`\n...', 0)
#1 C:\Users\Fikri Aslam\Desktop\KULIAH\SKRIPSI\sistem-informasi-tpst\system\Database\BaseConnection.php(691): CodeIgniter\Database\MySQLi\Connection->execute('SELECT `jenis`\n...')
#2 C:\Users\Fikri Aslam\Desktop\KULIAH\SKRIPSI\sistem-informasi-tpst\system\Database\BaseConnection.php(605): CodeIgniter\Database\BaseConnection->simpleQuery('SELECT `jenis`\n...')
#3 C:\Users\Fikri Aslam\Desktop\KULIAH\SKRIPSI\sistem-informasi-tpst\system\Database\BaseBuilder.php(1616): CodeIgniter\Database\BaseConnection->query('SELECT `jenis`\n...', Array, false)
#4 C:\Users\Fikri Aslam\Desktop\KULIAH\SKRIPSI\sistem-informasi-tpst\system\Model.php(241): CodeIgniter\Database\BaseBuilder->get()
#5 C:\Users\Fikri Aslam\Desktop\KULIAH\SKRIPSI\sistem-informasi-tpst\system\BaseModel.php(618): CodeIgniter\Model->doFindAll(0, 0)
#6 C:\Users\Fikri Aslam\Desktop\KULIAH\SKRIPSI\sistem-informasi-tpst\app\Controllers\Admin.php(105): CodeIgniter\BaseModel->findAll()
#7 C:\Users\Fikri Aslam\Desktop\KULIAH\SKRIPSI\sistem-informasi-tpst\system\CodeIgniter.php(934): App\Controllers\Admin->tabungan()
#8 C:\Users\Fikri Aslam\Desktop\KULIAH\SKRIPSI\sistem-informasi-tpst\system\CodeIgniter.php(499): CodeIgniter\CodeIgniter->runController(Object(App\Controllers\Admin))
#9 C:\Users\Fikri Aslam\Desktop\KULIAH\SKRIPSI\sistem-informasi-tpst\system\CodeIgniter.php(368): CodeIgniter\CodeIgniter->handleRequest(NULL, Object(Config\Cache), false)
#10 C:\Users\Fikri Aslam\Desktop\KULIAH\SKRIPSI\sistem-informasi-tpst\public\index.php(67): CodeIgniter\CodeIgniter->run()
#11 C:\Users\Fikri Aslam\Desktop\KULIAH\SKRIPSI\sistem-informasi-tpst\system\Commands\Server\rewrite.php(47): require_once('C:\\Users\\Fikri ...')
#12 {main}
CRITICAL - 2023-06-05 10:53:16 --> Unknown column 'jenis' in 'field list'
in SYSTEMPATH\Database\BaseConnection.php on line 645.
 1 SYSTEMPATH\Database\BaseBuilder.php(1616): CodeIgniter\Database\BaseConnection->query('SELECT `jenis`
FROM `tabungan`', [], false)
 2 SYSTEMPATH\Model.php(241): CodeIgniter\Database\BaseBuilder->get()
 3 SYSTEMPATH\BaseModel.php(618): CodeIgniter\Model->doFindAll(0, 0)
 4 APPPATH\Controllers\Admin.php(105): CodeIgniter\BaseModel->findAll()
 5 SYSTEMPATH\CodeIgniter.php(934): App\Controllers\Admin->tabungan()
 6 SYSTEMPATH\CodeIgniter.php(499): CodeIgniter\CodeIgniter->runController(Object(App\Controllers\Admin))
 7 SYSTEMPATH\CodeIgniter.php(368): CodeIgniter\CodeIgniter->handleRequest(null, Object(Config\Cache), false)
 8 FCPATH\index.php(67): CodeIgniter\CodeIgniter->run()
 9 SYSTEMPATH\Commands\Server\rewrite.php(47): require_once('FCPATH\\index.php')
INFO - 2023-06-05 10:53:37 --> Session: Class initialized using 'CodeIgniter\Session\Handlers\FileHandler' driver.
INFO - 2023-06-05 10:54:36 --> Session: Class initialized using 'CodeIgniter\Session\Handlers\FileHandler' driver.
INFO - 2023-06-05 10:54:53 --> Session: Class initialized using 'CodeIgniter\Session\Handlers\FileHandler' driver.
CRITICAL - 2023-06-05 10:54:53 --> Illegal string offset 'jenis'
in APPPATH\Views\admin\nasabah\tabungan.php on line 237.
 1 APPPATH\Views\admin\nasabah\tabungan.php(237): CodeIgniter\Debug\Exceptions->errorHandler(2, 'Illegal string offset \'jenis\'', 'APPPATH\\Views\\admin\\nasabah\\tabungan.php', 237, [...])
 2 SYSTEMPATH\View\View.php(213): include('APPPATH\\Views\\admin\\nasabah\\tabungan.php')
 3 SYSTEMPATH\View\View.php(216): CodeIgniter\View\View->CodeIgniter\View\{closure}()
 4 SYSTEMPATH\Common.php(1184): CodeIgniter\View\View->render('admin/nasabah/tabungan', [], true)
 5 APPPATH\Controllers\Admin.php(116): view('admin/nasabah/tabungan', [...])
 6 SYSTEMPATH\CodeIgniter.php(934): App\Controllers\Admin->tabungan()
 7 SYSTEMPATH\CodeIgniter.php(499): CodeIgniter\CodeIgniter->runController(Object(App\Controllers\Admin))
 8 SYSTEMPATH\CodeIgniter.php(368): CodeIgniter\CodeIgniter->handleRequest(null, Object(Config\Cache), false)
 9 FCPATH\index.php(67): CodeIgniter\CodeIgniter->run()
10 SYSTEMPATH\Commands\Server\rewrite.php(47): require_once('FCPATH\\index.php')
INFO - 2023-06-05 10:55:09 --> Session: Class initialized using 'CodeIgniter\Session\Handlers\FileHandler' driver.
CRITICAL - 2023-06-05 10:55:09 --> Illegal string offset 'jenis'
in APPPATH\Views\admin\nasabah\tabungan.php on line 237.
 1 APPPATH\Views\admin\nasabah\tabungan.php(237): CodeIgniter\Debug\Exceptions->errorHandler(2, 'Illegal string offset \'jenis\'', 'APPPATH\\Views\\admin\\nasabah\\tabungan.php', 237, [...])
 2 SYSTEMPATH\View\View.php(213): include('APPPATH\\Views\\admin\\nasabah\\tabungan.php')
 3 SYSTEMPATH\View\View.php(216): CodeIgniter\View\View->CodeIgniter\View\{closure}()
 4 SYSTEMPATH\Common.php(1184): CodeIgniter\View\View->render('admin/nasabah/tabungan', [], true)
 5 APPPATH\Controllers\Admin.php(116): view('admin/nasabah/tabungan', [...])
 6 SYSTEMPATH\CodeIgniter.php(934): App\Controllers\Admin->tabungan()
 7 SYSTEMPATH\CodeIgniter.php(499): CodeIgniter\CodeIgniter->runController(Object(App\Controllers\Admin))
 8 SYSTEMPATH\CodeIgniter.php(368): CodeIgniter\CodeIgniter->handleRequest(null, Object(Config\Cache), false)
 9 FCPATH\index.php(67): CodeIgniter\CodeIgniter->run()
10 SYSTEMPATH\Commands\Server\rewrite.php(47): require_once('FCPATH\\index.php')
INFO - 2023-06-05 10:55:25 --> Session: Class initialized using 'CodeIgniter\Session\Handlers\FileHandler' driver.
INFO - 2023-06-05 10:55:46 --> Session: Class initialized using 'CodeIgniter\Session\Handlers\FileHandler' driver.
CRITICAL - 2023-06-05 10:55:46 --> Illegal string offset 'jenis'
in APPPATH\Views\admin\nasabah\tabungan.php on line 237.
 1 APPPATH\Views\admin\nasabah\tabungan.php(237): CodeIgniter\Debug\Exceptions->errorHandler(2, 'Illegal string offset \'jenis\'', 'APPPATH\\Views\\admin\\nasabah\\tabungan.php', 237, [...])
 2 SYSTEMPATH\View\View.php(213): include('APPPATH\\Views\\admin\\nasabah\\tabungan.php')
 3 SYSTEMPATH\View\View.php(216): CodeIgniter\View\View->CodeIgniter\View\{closure}()
 4 SYSTEMPATH\Common.php(1184): CodeIgniter\View\View->render('admin/nasabah/tabungan', [], true)
 5 APPPATH\Controllers\Admin.php(116): view('admin/nasabah/tabungan', [...])
 6 SYSTEMPATH\CodeIgniter.php(934): App\Controllers\Admin->tabungan()
 7 SYSTEMPATH\CodeIgniter.php(499): CodeIgniter\CodeIgniter->runController(Object(App\Controllers\Admin))
 8 SYSTEMPATH\CodeIgniter.php(368): CodeIgniter\CodeIgniter->handleRequest(null, Object(Config\Cache), false)
 9 FCPATH\index.php(67): CodeIgniter\CodeIgniter->run()
10 SYSTEMPATH\Commands\Server\rewrite.php(47): require_once('FCPATH\\index.php')
INFO - 2023-06-05 10:56:10 --> Session: Class initialized using 'CodeIgniter\Session\Handlers\FileHandler' driver.
INFO - 2023-06-05 10:56:31 --> Session: Class initialized using 'CodeIgniter\Session\Handlers\FileHandler' driver.
INFO - 2023-06-05 10:56:41 --> Session: Class initialized using 'CodeIgniter\Session\Handlers\FileHandler' driver.
INFO - 2023-06-05 10:56:57 --> Session: Class initialized using 'CodeIgniter\Session\Handlers\FileHandler' driver.
INFO - 2023-06-05 10:58:15 --> Session: Class initialized using 'CodeIgniter\Session\Handlers\FileHandler' driver.
INFO - 2023-06-05 10:58:35 --> Session: Class initialized using 'CodeIgniter\Session\Handlers\FileHandler' driver.
INFO - 2023-06-05 11:01:09 --> Session: Class initialized using 'CodeIgniter\Session\Handlers\FileHandler' driver.
CRITICAL - 2023-06-05 11:01:09 --> Illegal string offset 'jenis'
in APPPATH\Views\admin\nasabah\tabungan.php on line 220.
 1 APPPATH\Views\admin\nasabah\tabungan.php(220): CodeIgniter\Debug\Exceptions->errorHandler(2, 'Illegal string offset \'jenis\'', 'APPPATH\\Views\\admin\\nasabah\\tabungan.php', 220, [...])
 2 SYSTEMPATH\View\View.php(213): include('APPPATH\\Views\\admin\\nasabah\\tabungan.php')
 3 SYSTEMPATH\View\View.php(216): CodeIgniter\View\View->CodeIgniter\View\{closure}()
 4 SYSTEMPATH\Common.php(1184): CodeIgniter\View\View->render('admin/nasabah/tabungan', [], true)
 5 APPPATH\Controllers\Admin.php(120): view('admin/nasabah/tabungan', [...])
 6 SYSTEMPATH\CodeIgniter.php(934): App\Controllers\Admin->tabungan()
 7 SYSTEMPATH\CodeIgniter.php(499): CodeIgniter\CodeIgniter->runController(Object(App\Controllers\Admin))
 8 SYSTEMPATH\CodeIgniter.php(368): CodeIgniter\CodeIgniter->handleRequest(null, Object(Config\Cache), false)
 9 FCPATH\index.php(67): CodeIgniter\CodeIgniter->run()
10 SYSTEMPATH\Commands\Server\rewrite.php(47): require_once('FCPATH\\index.php')
INFO - 2023-06-05 11:01:47 --> Session: Class initialized using 'CodeIgniter\Session\Handlers\FileHandler' driver.
INFO - 2023-06-05 11:03:10 --> Session: Class initialized using 'CodeIgniter\Session\Handlers\FileHandler' driver.
INFO - 2023-06-05 11:03:19 --> Session: Class initialized using 'CodeIgniter\Session\Handlers\FileHandler' driver.
INFO - 2023-06-05 11:03:44 --> Session: Class initialized using 'CodeIgniter\Session\Handlers\FileHandler' driver.
INFO - 2023-06-05 11:04:57 --> Session: Class initialized using 'CodeIgniter\Session\Handlers\FileHandler' driver.
INFO - 2023-06-05 11:05:06 --> Session: Class initialized using 'CodeIgniter\Session\Handlers\FileHandler' driver.
INFO - 2023-06-05 11:05:25 --> Session: Class initialized using 'CodeIgniter\Session\Handlers\FileHandler' driver.
INFO - 2023-06-05 11:05:35 --> Session: Class initialized using 'CodeIgniter\Session\Handlers\FileHandler' driver.
INFO - 2023-06-05 11:07:00 --> Session: Class initialized using 'CodeIgniter\Session\Handlers\FileHandler' driver.
INFO - 2023-06-05 11:07:07 --> Session: Class initialized using 'CodeIgniter\Session\Handlers\FileHandler' driver.
INFO - 2023-06-05 11:07:17 --> Session: Class initialized using 'CodeIgniter\Session\Handlers\FileHandler' driver.
INFO - 2023-06-05 11:07:25 --> Session: Class initialized using 'CodeIgniter\Session\Handlers\FileHandler' driver.
INFO - 2023-06-05 11:07:31 --> Session: Class initialized using 'CodeIgniter\Session\Handlers\FileHandler' driver.
INFO - 2023-06-05 11:08:01 --> Session: Class initialized using 'CodeIgniter\Session\Handlers\FileHandler' driver.
INFO - 2023-06-05 11:08:20 --> Session: Class initialized using 'CodeIgniter\Session\Handlers\FileHandler' driver.
INFO - 2023-06-05 11:09:22 --> Session: Class initialized using 'CodeIgniter\Session\Handlers\FileHandler' driver.
INFO - 2023-06-05 11:09:53 --> Session: Class initialized using 'CodeIgniter\Session\Handlers\FileHandler' driver.
INFO - 2023-06-05 11:10:18 --> Session: Class initialized using 'CodeIgniter\Session\Handlers\FileHandler' driver.
INFO - 2023-06-05 11:12:48 --> Session: Class initialized using 'CodeIgniter\Session\Handlers\FileHandler' driver.
INFO - 2023-06-05 11:13:12 --> Session: Class initialized using 'CodeIgniter\Session\Handlers\FileHandler' driver.
INFO - 2023-06-05 11:13:37 --> Session: Class initialized using 'CodeIgniter\Session\Handlers\FileHandler' driver.
INFO - 2023-06-05 11:13:49 --> Session: Class initialized using 'CodeIgniter\Session\Handlers\FileHandler' driver.
INFO - 2023-06-05 11:14:05 --> Session: Class initialized using 'CodeIgniter\Session\Handlers\FileHandler' driver.
INFO - 2023-06-05 11:14:25 --> Session: Class initialized using 'CodeIgniter\Session\Handlers\FileHandler' driver.
INFO - 2023-06-05 11:14:36 --> Session: Class initialized using 'CodeIgniter\Session\Handlers\FileHandler' driver.
INFO - 2023-06-05 11:14:49 --> Session: Class initialized using 'CodeIgniter\Session\Handlers\FileHandler' driver.
INFO - 2023-06-05 11:14:55 --> Session: Class initialized using 'CodeIgniter\Session\Handlers\FileHandler' driver.
INFO - 2023-06-05 11:15:07 --> Session: Class initialized using 'CodeIgniter\Session\Handlers\FileHandler' driver.
INFO - 2023-06-05 11:15:25 --> Session: Class initialized using 'CodeIgniter\Session\Handlers\FileHandler' driver.
INFO - 2023-06-05 11:15:41 --> Session: Class initialized using 'CodeIgniter\Session\Handlers\FileHandler' driver.
INFO - 2023-06-05 11:16:01 --> Session: Class initialized using 'CodeIgniter\Session\Handlers\FileHandler' driver.
INFO - 2023-06-05 11:16:08 --> Session: Class initialized using 'CodeIgniter\Session\Handlers\FileHandler' driver.
INFO - 2023-06-05 11:16:19 --> Session: Class initialized using 'CodeIgniter\Session\Handlers\FileHandler' driver.
INFO - 2023-06-05 11:16:45 --> Session: Class initialized using 'CodeIgniter\Session\Handlers\FileHandler' driver.
INFO - 2023-06-05 11:16:54 --> Session: Class initialized using 'CodeIgniter\Session\Handlers\FileHandler' driver.
INFO - 2023-06-05 11:17:13 --> Session: Class initialized using 'CodeIgniter\Session\Handlers\FileHandler' driver.
INFO - 2023-06-05 11:17:24 --> Session: Class initialized using 'CodeIgniter\Session\Handlers\FileHandler' driver.
