INFO - 2024-02-21 00:13:13 --> Session: Class initialized using 'CodeIgniter\Session\Handlers\FileHandler' driver.
INFO - 2024-02-21 00:13:13 --> Session: Class initialized using 'CodeIgniter\Session\Handlers\FileHandler' driver.
INFO - 2024-02-21 00:13:18 --> Session: Class initialized using 'CodeIgniter\Session\Handlers\FileHandler' driver.
INFO - 2024-02-21 00:13:18 --> Session: Class initialized using 'CodeIgniter\Session\Handlers\FileHandler' driver.
INFO - 2024-02-21 00:13:27 --> Session: Class initialized using 'CodeIgniter\Session\Handlers\FileHandler' driver.
INFO - 2024-02-21 00:13:34 --> Session: Class initialized using 'CodeIgniter\Session\Handlers\FileHandler' driver.
INFO - 2024-02-21 00:13:39 --> Session: Class initialized using 'CodeIgniter\Session\Handlers\FileHandler' driver.
INFO - 2024-02-21 00:13:47 --> Session: Class initialized using 'CodeIgniter\Session\Handlers\FileHandler' driver.
INFO - 2024-02-21 00:13:54 --> Session: Class initialized using 'CodeIgniter\Session\Handlers\FileHandler' driver.
INFO - 2024-02-21 00:14:34 --> Session: Class initialized using 'CodeIgniter\Session\Handlers\FileHandler' driver.
INFO - 2024-02-21 00:15:53 --> Session: Class initialized using 'CodeIgniter\Session\Handlers\FileHandler' driver.
INFO - 2024-02-21 00:18:44 --> Session: Class initialized using 'CodeIgniter\Session\Handlers\FileHandler' driver.
INFO - 2024-02-21 00:23:06 --> Session: Class initialized using 'CodeIgniter\Session\Handlers\FileHandler' driver.
INFO - 2024-02-21 00:23:12 --> Session: Class initialized using 'CodeIgniter\Session\Handlers\FileHandler' driver.
INFO - 2024-02-21 00:23:30 --> Session: Class initialized using 'CodeIgniter\Session\Handlers\FileHandler' driver.
INFO - 2024-02-21 00:23:36 --> Session: Class initialized using 'CodeIgniter\Session\Handlers\FileHandler' driver.
INFO - 2024-02-21 00:23:58 --> Session: Class initialized using 'CodeIgniter\Session\Handlers\FileHandler' driver.
INFO - 2024-02-21 00:24:04 --> Session: Class initialized using 'CodeIgniter\Session\Handlers\FileHandler' driver.
INFO - 2024-02-21 00:24:12 --> Session: Class initialized using 'CodeIgniter\Session\Handlers\FileHandler' driver.
INFO - 2024-02-21 00:24:23 --> Session: Class initialized using 'CodeIgniter\Session\Handlers\FileHandler' driver.
INFO - 2024-02-21 00:24:38 --> Session: Class initialized using 'CodeIgniter\Session\Handlers\FileHandler' driver.
INFO - 2024-02-21 00:25:00 --> Session: Class initialized using 'CodeIgniter\Session\Handlers\FileHandler' driver.
INFO - 2024-02-21 00:25:35 --> Session: Class initialized using 'CodeIgniter\Session\Handlers\FileHandler' driver.
INFO - 2024-02-21 00:26:00 --> Session: Class initialized using 'CodeIgniter\Session\Handlers\FileHandler' driver.
INFO - 2024-02-21 00:27:05 --> Session: Class initialized using 'CodeIgniter\Session\Handlers\FileHandler' driver.
INFO - 2024-02-21 00:29:58 --> Session: Class initialized using 'CodeIgniter\Session\Handlers\FileHandler' driver.
INFO - 2024-02-21 00:30:38 --> Session: Class initialized using 'CodeIgniter\Session\Handlers\FileHandler' driver.
INFO - 2024-02-21 00:31:58 --> Session: Class initialized using 'CodeIgniter\Session\Handlers\FileHandler' driver.
INFO - 2024-02-21 00:34:54 --> Session: Class initialized using 'CodeIgniter\Session\Handlers\FileHandler' driver.
INFO - 2024-02-21 00:38:16 --> Session: Class initialized using 'CodeIgniter\Session\Handlers\FileHandler' driver.
INFO - 2024-02-21 00:41:27 --> Session: Class initialized using 'CodeIgniter\Session\Handlers\FileHandler' driver.
INFO - 2024-02-21 00:41:37 --> Session: Class initialized using 'CodeIgniter\Session\Handlers\FileHandler' driver.
INFO - 2024-02-21 00:48:49 --> Session: Class initialized using 'CodeIgniter\Session\Handlers\FileHandler' driver.
INFO - 2024-02-21 00:49:56 --> Session: Class initialized using 'CodeIgniter\Session\Handlers\FileHandler' driver.
INFO - 2024-02-21 00:50:02 --> Session: Class initialized using 'CodeIgniter\Session\Handlers\FileHandler' driver.
INFO - 2024-02-21 00:50:07 --> Session: Class initialized using 'CodeIgniter\Session\Handlers\FileHandler' driver.
INFO - 2024-02-21 00:50:12 --> Session: Class initialized using 'CodeIgniter\Session\Handlers\FileHandler' driver.
INFO - 2024-02-21 00:50:18 --> Session: Class initialized using 'CodeIgniter\Session\Handlers\FileHandler' driver.
INFO - 2024-02-21 00:51:02 --> Session: Class initialized using 'CodeIgniter\Session\Handlers\FileHandler' driver.
INFO - 2024-02-21 01:05:06 --> Session: Class initialized using 'CodeIgniter\Session\Handlers\FileHandler' driver.
INFO - 2024-02-21 01:06:30 --> Session: Class initialized using 'CodeIgniter\Session\Handlers\FileHandler' driver.
INFO - 2024-02-21 01:10:19 --> Session: Class initialized using 'CodeIgniter\Session\Handlers\FileHandler' driver.
ERROR - 2024-02-21 01:10:19 --> mysqli_sql_exception: Unknown column 'sampah_masuk.berat_kompos' in 'field list' in C:\Users\Fikri Aslam\Desktop\KULIAH\Project\sistem-informasi-tpst\system\Database\MySQLi\Connection.php:295
Stack trace:
#0 C:\Users\Fikri Aslam\Desktop\KULIAH\Project\sistem-informasi-tpst\system\Database\MySQLi\Connection.php(295): mysqli->query('SELECT YEAR(sam...', 0)
#1 C:\Users\Fikri Aslam\Desktop\KULIAH\Project\sistem-informasi-tpst\system\Database\BaseConnection.php(691): CodeIgniter\Database\MySQLi\Connection->execute('SELECT YEAR(sam...')
#2 C:\Users\Fikri Aslam\Desktop\KULIAH\Project\sistem-informasi-tpst\system\Database\BaseConnection.php(605): CodeIgniter\Database\BaseConnection->simpleQuery('SELECT YEAR(sam...')
#3 C:\Users\Fikri Aslam\Desktop\KULIAH\Project\sistem-informasi-tpst\system\Database\BaseBuilder.php(1616): CodeIgniter\Database\BaseConnection->query('SELECT YEAR(sam...', Array, false)
#4 C:\Users\Fikri Aslam\Desktop\KULIAH\Project\sistem-informasi-tpst\system\Model.php(241): CodeIgniter\Database\BaseBuilder->get()
#5 C:\Users\Fikri Aslam\Desktop\KULIAH\Project\sistem-informasi-tpst\system\BaseModel.php(618): CodeIgniter\Model->doFindAll(0, 0)
#6 C:\Users\Fikri Aslam\Desktop\KULIAH\Project\sistem-informasi-tpst\app\Models\M_kelola_sampah.php(85): CodeIgniter\BaseModel->findAll()
#7 C:\Users\Fikri Aslam\Desktop\KULIAH\Project\sistem-informasi-tpst\app\Controllers\Admin.php(42): App\Models\M_kelola_sampah->getDataKumulatifPerDate()
#8 C:\Users\Fikri Aslam\Desktop\KULIAH\Project\sistem-informasi-tpst\system\CodeIgniter.php(934): App\Controllers\Admin->dashboard()
#9 C:\Users\Fikri Aslam\Desktop\KULIAH\Project\sistem-informasi-tpst\system\CodeIgniter.php(499): CodeIgniter\CodeIgniter->runController(Object(App\Controllers\Admin))
#10 C:\Users\Fikri Aslam\Desktop\KULIAH\Project\sistem-informasi-tpst\system\CodeIgniter.php(368): CodeIgniter\CodeIgniter->handleRequest(NULL, Object(Config\Cache), false)
#11 C:\Users\Fikri Aslam\Desktop\KULIAH\Project\sistem-informasi-tpst\public\index.php(67): CodeIgniter\CodeIgniter->run()
#12 C:\Users\Fikri Aslam\Desktop\KULIAH\Project\sistem-informasi-tpst\system\Commands\Server\rewrite.php(47): require_once('C:\\Users\\Fikri ...')
#13 {main}
CRITICAL - 2024-02-21 01:10:19 --> Unknown column 'sampah_masuk.berat_kompos' in 'field list'
in SYSTEMPATH\Database\BaseConnection.php on line 645.
 1 SYSTEMPATH\Database\BaseBuilder.php(1616): CodeIgniter\Database\BaseConnection->query('SELECT YEAR(sampah_masuk.tanggal_masuk) AS year, MONTH(sampah_masuk.tanggal_masuk) AS month, SUM(sampah_masuk.total_berat) OVER (ORDER BY YEAR(sampah_masuk.tanggal_masuk), MONTH(sampah_masuk.tanggal_masuk)) AS totalMasuk, SUM(sampah_masuk.berat_kompos) OVER (ORDER BY YEAR(sampah_masuk.tanggal_masuk), MONTH(sampah_masuk.tanggal_masuk)) AS totalKompos, SUM(sampah_masuk.berat_maggot) OVER (ORDER BY YEAR(sampah_masuk.tanggal_masuk), MONTH(sampah_masuk.tanggal_masuk)) AS totalMaggot, SUM(sampah_masuk.tidak_terkelola) OVER (ORDER BY YEAR(sampah_masuk.tanggal_masuk), MONTH(sampah_masuk.tanggal_masuk)) AS totalSisa
FROM `kelola_sampah`
JOIN `sampah_masuk` ON `kelola_sampah`.`sampah_masuk_id` = `sampah_masuk`.`id`
GROUP BY YEAR(sampah_masuk.tanggal_masuk), MONTH(sampah_masuk.tanggal_masuk), `sampah_masuk`.`id`', [], false)
 2 SYSTEMPATH\Model.php(241): CodeIgniter\Database\BaseBuilder->get()
 3 SYSTEMPATH\BaseModel.php(618): CodeIgniter\Model->doFindAll(0, 0)
 4 APPPATH\Models\M_kelola_sampah.php(85): CodeIgniter\BaseModel->findAll()
 5 APPPATH\Controllers\Admin.php(42): App\Models\M_kelola_sampah->getDataKumulatifPerDate()
 6 SYSTEMPATH\CodeIgniter.php(934): App\Controllers\Admin->dashboard()
 7 SYSTEMPATH\CodeIgniter.php(499): CodeIgniter\CodeIgniter->runController(Object(App\Controllers\Admin))
 8 SYSTEMPATH\CodeIgniter.php(368): CodeIgniter\CodeIgniter->handleRequest(null, Object(Config\Cache), false)
 9 FCPATH\index.php(67): CodeIgniter\CodeIgniter->run()
10 SYSTEMPATH\Commands\Server\rewrite.php(47): require_once('FCPATH\\index.php')
INFO - 2024-02-21 01:10:53 --> Session: Class initialized using 'CodeIgniter\Session\Handlers\FileHandler' driver.
ERROR - 2024-02-21 01:10:53 --> mysqli_sql_exception: Unknown column 'sampah_masuk.berat_kompos' in 'field list' in C:\Users\Fikri Aslam\Desktop\KULIAH\Project\sistem-informasi-tpst\system\Database\MySQLi\Connection.php:295
Stack trace:
#0 C:\Users\Fikri Aslam\Desktop\KULIAH\Project\sistem-informasi-tpst\system\Database\MySQLi\Connection.php(295): mysqli->query('SELECT YEAR(sam...', 0)
#1 C:\Users\Fikri Aslam\Desktop\KULIAH\Project\sistem-informasi-tpst\system\Database\BaseConnection.php(691): CodeIgniter\Database\MySQLi\Connection->execute('SELECT YEAR(sam...')
#2 C:\Users\Fikri Aslam\Desktop\KULIAH\Project\sistem-informasi-tpst\system\Database\BaseConnection.php(605): CodeIgniter\Database\BaseConnection->simpleQuery('SELECT YEAR(sam...')
#3 C:\Users\Fikri Aslam\Desktop\KULIAH\Project\sistem-informasi-tpst\system\Database\BaseBuilder.php(1616): CodeIgniter\Database\BaseConnection->query('SELECT YEAR(sam...', Array, false)
#4 C:\Users\Fikri Aslam\Desktop\KULIAH\Project\sistem-informasi-tpst\system\Model.php(241): CodeIgniter\Database\BaseBuilder->get()
#5 C:\Users\Fikri Aslam\Desktop\KULIAH\Project\sistem-informasi-tpst\system\BaseModel.php(618): CodeIgniter\Model->doFindAll(0, 0)
#6 C:\Users\Fikri Aslam\Desktop\KULIAH\Project\sistem-informasi-tpst\app\Models\M_kelola_sampah.php(82): CodeIgniter\BaseModel->findAll()
#7 C:\Users\Fikri Aslam\Desktop\KULIAH\Project\sistem-informasi-tpst\app\Controllers\Admin.php(42): App\Models\M_kelola_sampah->getDataKumulatifPerDate()
#8 C:\Users\Fikri Aslam\Desktop\KULIAH\Project\sistem-informasi-tpst\system\CodeIgniter.php(934): App\Controllers\Admin->dashboard()
#9 C:\Users\Fikri Aslam\Desktop\KULIAH\Project\sistem-informasi-tpst\system\CodeIgniter.php(499): CodeIgniter\CodeIgniter->runController(Object(App\Controllers\Admin))
#10 C:\Users\Fikri Aslam\Desktop\KULIAH\Project\sistem-informasi-tpst\system\CodeIgniter.php(368): CodeIgniter\CodeIgniter->handleRequest(NULL, Object(Config\Cache), false)
#11 C:\Users\Fikri Aslam\Desktop\KULIAH\Project\sistem-informasi-tpst\public\index.php(67): CodeIgniter\CodeIgniter->run()
#12 C:\Users\Fikri Aslam\Desktop\KULIAH\Project\sistem-informasi-tpst\system\Commands\Server\rewrite.php(47): require_once('C:\\Users\\Fikri ...')
#13 {main}
CRITICAL - 2024-02-21 01:10:53 --> Unknown column 'sampah_masuk.berat_kompos' in 'field list'
in SYSTEMPATH\Database\BaseConnection.php on line 645.
 1 SYSTEMPATH\Database\BaseBuilder.php(1616): CodeIgniter\Database\BaseConnection->query('SELECT YEAR(sampah_masuk.tanggal_masuk) AS year, MONTH(sampah_masuk.tanggal_masuk) AS month, SUM(sampah_masuk.total_berat) OVER (ORDER BY YEAR(sampah_masuk.tanggal_masuk), MONTH(sampah_masuk.tanggal_masuk)) AS totalMasuk, SUM(sampah_masuk.berat_kompos) OVER (ORDER BY YEAR(sampah_masuk.tanggal_masuk), MONTH(sampah_masuk.tanggal_masuk)) AS totalKompos, SUM(sampah_masuk.berat_maggot) OVER (ORDER BY YEAR(sampah_masuk.tanggal_masuk), MONTH(sampah_masuk.tanggal_masuk)) AS totalMaggot, SUM(sampah_masuk.tidak_terkelola) OVER (ORDER BY YEAR(sampah_masuk.tanggal_masuk), MONTH(sampah_masuk.tanggal_masuk)) AS totalSisa
FROM `kelola_sampah`
JOIN `sampah_masuk` ON `kelola_sampah`.`sampah_masuk_id` = `sampah_masuk`.`id`
GROUP BY YEAR(sampah_masuk.tanggal_masuk), MONTH(sampah_masuk.tanggal_masuk), `sampah_masuk`.`id`', [], false)
 2 SYSTEMPATH\Model.php(241): CodeIgniter\Database\BaseBuilder->get()
 3 SYSTEMPATH\BaseModel.php(618): CodeIgniter\Model->doFindAll(0, 0)
 4 APPPATH\Models\M_kelola_sampah.php(82): CodeIgniter\BaseModel->findAll()
 5 APPPATH\Controllers\Admin.php(42): App\Models\M_kelola_sampah->getDataKumulatifPerDate()
 6 SYSTEMPATH\CodeIgniter.php(934): App\Controllers\Admin->dashboard()
 7 SYSTEMPATH\CodeIgniter.php(499): CodeIgniter\CodeIgniter->runController(Object(App\Controllers\Admin))
 8 SYSTEMPATH\CodeIgniter.php(368): CodeIgniter\CodeIgniter->handleRequest(null, Object(Config\Cache), false)
 9 FCPATH\index.php(67): CodeIgniter\CodeIgniter->run()
10 SYSTEMPATH\Commands\Server\rewrite.php(47): require_once('FCPATH\\index.php')
INFO - 2024-02-21 01:12:13 --> Session: Class initialized using 'CodeIgniter\Session\Handlers\FileHandler' driver.
ERROR - 2024-02-21 01:12:13 --> mysqli_sql_exception: Unknown column 'sampah_masuk.berat_kompos' in 'field list' in C:\Users\Fikri Aslam\Desktop\KULIAH\Project\sistem-informasi-tpst\system\Database\MySQLi\Connection.php:295
Stack trace:
#0 C:\Users\Fikri Aslam\Desktop\KULIAH\Project\sistem-informasi-tpst\system\Database\MySQLi\Connection.php(295): mysqli->query('SELECT YEAR(sam...', 0)
#1 C:\Users\Fikri Aslam\Desktop\KULIAH\Project\sistem-informasi-tpst\system\Database\BaseConnection.php(691): CodeIgniter\Database\MySQLi\Connection->execute('SELECT YEAR(sam...')
#2 C:\Users\Fikri Aslam\Desktop\KULIAH\Project\sistem-informasi-tpst\system\Database\BaseConnection.php(605): CodeIgniter\Database\BaseConnection->simpleQuery('SELECT YEAR(sam...')
#3 C:\Users\Fikri Aslam\Desktop\KULIAH\Project\sistem-informasi-tpst\system\Database\BaseBuilder.php(1616): CodeIgniter\Database\BaseConnection->query('SELECT YEAR(sam...', Array, false)
#4 C:\Users\Fikri Aslam\Desktop\KULIAH\Project\sistem-informasi-tpst\system\Model.php(241): CodeIgniter\Database\BaseBuilder->get()
#5 C:\Users\Fikri Aslam\Desktop\KULIAH\Project\sistem-informasi-tpst\system\BaseModel.php(618): CodeIgniter\Model->doFindAll(0, 0)
#6 C:\Users\Fikri Aslam\Desktop\KULIAH\Project\sistem-informasi-tpst\app\Models\M_kelola_sampah.php(82): CodeIgniter\BaseModel->findAll()
#7 C:\Users\Fikri Aslam\Desktop\KULIAH\Project\sistem-informasi-tpst\app\Controllers\Admin.php(42): App\Models\M_kelola_sampah->getDataKumulatifPerDate()
#8 C:\Users\Fikri Aslam\Desktop\KULIAH\Project\sistem-informasi-tpst\system\CodeIgniter.php(934): App\Controllers\Admin->dashboard()
#9 C:\Users\Fikri Aslam\Desktop\KULIAH\Project\sistem-informasi-tpst\system\CodeIgniter.php(499): CodeIgniter\CodeIgniter->runController(Object(App\Controllers\Admin))
#10 C:\Users\Fikri Aslam\Desktop\KULIAH\Project\sistem-informasi-tpst\system\CodeIgniter.php(368): CodeIgniter\CodeIgniter->handleRequest(NULL, Object(Config\Cache), false)
#11 C:\Users\Fikri Aslam\Desktop\KULIAH\Project\sistem-informasi-tpst\public\index.php(67): CodeIgniter\CodeIgniter->run()
#12 C:\Users\Fikri Aslam\Desktop\KULIAH\Project\sistem-informasi-tpst\system\Commands\Server\rewrite.php(47): require_once('C:\\Users\\Fikri ...')
#13 {main}
CRITICAL - 2024-02-21 01:12:13 --> Unknown column 'sampah_masuk.berat_kompos' in 'field list'
in SYSTEMPATH\Database\BaseConnection.php on line 645.
 1 SYSTEMPATH\Database\BaseBuilder.php(1616): CodeIgniter\Database\BaseConnection->query('SELECT YEAR(sampah_masuk.tanggal_masuk) AS year, MONTH(sampah_masuk.tanggal_masuk) AS month, SUM(sampah_masuk.total_berat) OVER (ORDER BY YEAR(sampah_masuk.tanggal_masuk), MONTH(sampah_masuk.tanggal_masuk)) AS totalMasuk, SUM(sampah_masuk.berat_kompos) OVER (ORDER BY YEAR(sampah_masuk.tanggal_masuk), MONTH(sampah_masuk.tanggal_masuk)) AS totalKompos, SUM(sampah_masuk.berat_maggot) OVER (ORDER BY YEAR(sampah_masuk.tanggal_masuk), MONTH(sampah_masuk.tanggal_masuk)) AS totalMaggot, SUM(sampah_masuk.tidak_terkelola) OVER (ORDER BY YEAR(sampah_masuk.tanggal_masuk), MONTH(sampah_masuk.tanggal_masuk)) AS totalSisa
FROM `kelola_sampah`
JOIN `sampah_masuk` ON `kelola_sampah`.`sampah_masuk_id` = `sampah_masuk`.`id`
GROUP BY YEAR(sampah_masuk.tanggal_masuk), MONTH(sampah_masuk.tanggal_masuk), `sampah_masuk`.`id`', [], false)
 2 SYSTEMPATH\Model.php(241): CodeIgniter\Database\BaseBuilder->get()
 3 SYSTEMPATH\BaseModel.php(618): CodeIgniter\Model->doFindAll(0, 0)
 4 APPPATH\Models\M_kelola_sampah.php(82): CodeIgniter\BaseModel->findAll()
 5 APPPATH\Controllers\Admin.php(42): App\Models\M_kelola_sampah->getDataKumulatifPerDate()
 6 SYSTEMPATH\CodeIgniter.php(934): App\Controllers\Admin->dashboard()
 7 SYSTEMPATH\CodeIgniter.php(499): CodeIgniter\CodeIgniter->runController(Object(App\Controllers\Admin))
 8 SYSTEMPATH\CodeIgniter.php(368): CodeIgniter\CodeIgniter->handleRequest(null, Object(Config\Cache), false)
 9 FCPATH\index.php(67): CodeIgniter\CodeIgniter->run()
10 SYSTEMPATH\Commands\Server\rewrite.php(47): require_once('FCPATH\\index.php')
INFO - 2024-02-21 01:12:54 --> Session: Class initialized using 'CodeIgniter\Session\Handlers\FileHandler' driver.
ERROR - 2024-02-21 01:12:54 --> mysqli_sql_exception: Unknown column 'sampah_masuk.berat_kompos' in 'field list' in C:\Users\Fikri Aslam\Desktop\KULIAH\Project\sistem-informasi-tpst\system\Database\MySQLi\Connection.php:295
Stack trace:
#0 C:\Users\Fikri Aslam\Desktop\KULIAH\Project\sistem-informasi-tpst\system\Database\MySQLi\Connection.php(295): mysqli->query('SELECT YEAR(sam...', 0)
#1 C:\Users\Fikri Aslam\Desktop\KULIAH\Project\sistem-informasi-tpst\system\Database\BaseConnection.php(691): CodeIgniter\Database\MySQLi\Connection->execute('SELECT YEAR(sam...')
#2 C:\Users\Fikri Aslam\Desktop\KULIAH\Project\sistem-informasi-tpst\system\Database\BaseConnection.php(605): CodeIgniter\Database\BaseConnection->simpleQuery('SELECT YEAR(sam...')
#3 C:\Users\Fikri Aslam\Desktop\KULIAH\Project\sistem-informasi-tpst\system\Database\BaseBuilder.php(1616): CodeIgniter\Database\BaseConnection->query('SELECT YEAR(sam...', Array, false)
#4 C:\Users\Fikri Aslam\Desktop\KULIAH\Project\sistem-informasi-tpst\system\Model.php(241): CodeIgniter\Database\BaseBuilder->get()
#5 C:\Users\Fikri Aslam\Desktop\KULIAH\Project\sistem-informasi-tpst\system\BaseModel.php(618): CodeIgniter\Model->doFindAll(0, 0)
#6 C:\Users\Fikri Aslam\Desktop\KULIAH\Project\sistem-informasi-tpst\app\Models\M_kelola_sampah.php(82): CodeIgniter\BaseModel->findAll()
#7 C:\Users\Fikri Aslam\Desktop\KULIAH\Project\sistem-informasi-tpst\app\Controllers\Admin.php(42): App\Models\M_kelola_sampah->getDataKumulatifPerDate()
#8 C:\Users\Fikri Aslam\Desktop\KULIAH\Project\sistem-informasi-tpst\system\CodeIgniter.php(934): App\Controllers\Admin->dashboard()
#9 C:\Users\Fikri Aslam\Desktop\KULIAH\Project\sistem-informasi-tpst\system\CodeIgniter.php(499): CodeIgniter\CodeIgniter->runController(Object(App\Controllers\Admin))
#10 C:\Users\Fikri Aslam\Desktop\KULIAH\Project\sistem-informasi-tpst\system\CodeIgniter.php(368): CodeIgniter\CodeIgniter->handleRequest(NULL, Object(Config\Cache), false)
#11 C:\Users\Fikri Aslam\Desktop\KULIAH\Project\sistem-informasi-tpst\public\index.php(67): CodeIgniter\CodeIgniter->run()
#12 C:\Users\Fikri Aslam\Desktop\KULIAH\Project\sistem-informasi-tpst\system\Commands\Server\rewrite.php(47): require_once('C:\\Users\\Fikri ...')
#13 {main}
CRITICAL - 2024-02-21 01:12:54 --> Unknown column 'sampah_masuk.berat_kompos' in 'field list'
in SYSTEMPATH\Database\BaseConnection.php on line 645.
 1 SYSTEMPATH\Database\BaseBuilder.php(1616): CodeIgniter\Database\BaseConnection->query('SELECT YEAR(sampah_masuk.tanggal_masuk) AS year, MONTH(sampah_masuk.tanggal_masuk) AS month, SUM(sampah_masuk.total_berat) OVER (ORDER BY YEAR(sampah_masuk.tanggal_masuk), MONTH(sampah_masuk.tanggal_masuk)) AS totalMasuk, SUM(sampah_masuk.berat_kompos) OVER (ORDER BY YEAR(sampah_masuk.tanggal_masuk), MONTH(sampah_masuk.tanggal_masuk)) AS totalKompos, SUM(sampah_masuk.berat_maggot) OVER (ORDER BY YEAR(sampah_masuk.tanggal_masuk), MONTH(sampah_masuk.tanggal_masuk)) AS totalMaggot, SUM(sampah_masuk.tidak_terkelola) OVER (ORDER BY YEAR(sampah_masuk.tanggal_masuk), MONTH(sampah_masuk.tanggal_masuk)) AS totalSisa
FROM `kelola_sampah`
JOIN `sampah_masuk` ON `kelola_sampah`.`sampah_masuk_id` = `sampah_masuk`.`id`
GROUP BY YEAR(sampah_masuk.tanggal_masuk), MONTH(sampah_masuk.tanggal_masuk), `sampah_masuk`.`id`', [], false)
 2 SYSTEMPATH\Model.php(241): CodeIgniter\Database\BaseBuilder->get()
 3 SYSTEMPATH\BaseModel.php(618): CodeIgniter\Model->doFindAll(0, 0)
 4 APPPATH\Models\M_kelola_sampah.php(82): CodeIgniter\BaseModel->findAll()
 5 APPPATH\Controllers\Admin.php(42): App\Models\M_kelola_sampah->getDataKumulatifPerDate()
 6 SYSTEMPATH\CodeIgniter.php(934): App\Controllers\Admin->dashboard()
 7 SYSTEMPATH\CodeIgniter.php(499): CodeIgniter\CodeIgniter->runController(Object(App\Controllers\Admin))
 8 SYSTEMPATH\CodeIgniter.php(368): CodeIgniter\CodeIgniter->handleRequest(null, Object(Config\Cache), false)
 9 FCPATH\index.php(67): CodeIgniter\CodeIgniter->run()
10 SYSTEMPATH\Commands\Server\rewrite.php(47): require_once('FCPATH\\index.php')
INFO - 2024-02-21 01:14:09 --> Session: Class initialized using 'CodeIgniter\Session\Handlers\FileHandler' driver.
INFO - 2024-02-21 01:14:48 --> Session: Class initialized using 'CodeIgniter\Session\Handlers\FileHandler' driver.
INFO - 2024-02-21 01:18:33 --> Session: Class initialized using 'CodeIgniter\Session\Handlers\FileHandler' driver.
INFO - 2024-02-21 01:18:40 --> Session: Class initialized using 'CodeIgniter\Session\Handlers\FileHandler' driver.
INFO - 2024-02-21 01:18:47 --> Session: Class initialized using 'CodeIgniter\Session\Handlers\FileHandler' driver.
INFO - 2024-02-21 01:18:53 --> Session: Class initialized using 'CodeIgniter\Session\Handlers\FileHandler' driver.
INFO - 2024-02-21 01:18:56 --> Session: Class initialized using 'CodeIgniter\Session\Handlers\FileHandler' driver.
INFO - 2024-02-21 02:42:02 --> Session: Class initialized using 'CodeIgniter\Session\Handlers\FileHandler' driver.
CRITICAL - 2024-02-21 02:49:59 --> Undefined index: id
in APPPATH\Controllers\Tabungan.php on line 37.
 1 APPPATH\Controllers\Tabungan.php(37): CodeIgniter\Debug\Exceptions->errorHandler(8, 'Undefined index: id', 'APPPATH\\Controllers\\Tabungan.php', 37, [...])
 2 SYSTEMPATH\CodeIgniter.php(934): App\Controllers\Tabungan->verifyKode()
 3 SYSTEMPATH\CodeIgniter.php(499): CodeIgniter\CodeIgniter->runController(Object(App\Controllers\Tabungan))
 4 SYSTEMPATH\CodeIgniter.php(368): CodeIgniter\CodeIgniter->handleRequest(null, Object(Config\Cache), false)
 5 FCPATH\index.php(67): CodeIgniter\CodeIgniter->run()
 6 SYSTEMPATH\Commands\Server\rewrite.php(47): require_once('FCPATH\\index.php')
CRITICAL - 2024-02-21 02:50:23 --> Undefined index: id
in APPPATH\Controllers\Tabungan.php on line 37.
 1 APPPATH\Controllers\Tabungan.php(37): CodeIgniter\Debug\Exceptions->errorHandler(8, 'Undefined index: id', 'APPPATH\\Controllers\\Tabungan.php', 37, [...])
 2 SYSTEMPATH\CodeIgniter.php(934): App\Controllers\Tabungan->verifyKode()
 3 SYSTEMPATH\CodeIgniter.php(499): CodeIgniter\CodeIgniter->runController(Object(App\Controllers\Tabungan))
 4 SYSTEMPATH\CodeIgniter.php(368): CodeIgniter\CodeIgniter->handleRequest(null, Object(Config\Cache), false)
 5 FCPATH\index.php(67): CodeIgniter\CodeIgniter->run()
 6 SYSTEMPATH\Commands\Server\rewrite.php(47): require_once('FCPATH\\index.php')
CRITICAL - 2024-02-21 02:51:02 --> Undefined variable: nama
in APPPATH\Controllers\Tabungan.php on line 50.
 1 APPPATH\Controllers\Tabungan.php(50): CodeIgniter\Debug\Exceptions->errorHandler(8, 'Undefined variable: nama', 'APPPATH\\Controllers\\Tabungan.php', 50, [...])
 2 SYSTEMPATH\CodeIgniter.php(934): App\Controllers\Tabungan->verifyKode()
 3 SYSTEMPATH\CodeIgniter.php(499): CodeIgniter\CodeIgniter->runController(Object(App\Controllers\Tabungan))
 4 SYSTEMPATH\CodeIgniter.php(368): CodeIgniter\CodeIgniter->handleRequest(null, Object(Config\Cache), false)
 5 FCPATH\index.php(67): CodeIgniter\CodeIgniter->run()
 6 SYSTEMPATH\Commands\Server\rewrite.php(47): require_once('FCPATH\\index.php')
